[08:10:16.395][info] [#0:/home/astro/.local/share/zed/extensions/work/lua/lua-language-server-3.14.0/main.lua:68]: Lua Lsp startup, root: 	/home/astro/.local/share/zed/extensions/work/lua/lua-language-server-3.14.0
[08:10:16.396][info] [#0:/home/astro/.local/share/zed/extensions/work/lua/lua-language-server-3.14.0/main.lua:69]: ROOT:	/home/astro/.local/share/zed/extensions/work/lua/lua-language-server-3.14.0
[08:10:16.396][info] [#0:/home/astro/.local/share/zed/extensions/work/lua/lua-language-server-3.14.0/main.lua:70]: LOGPATH:	/home/astro/.local/share/zed/extensions/work/lua/lua-language-server-3.14.0/log
[08:10:16.396][info] [#0:/home/astro/.local/share/zed/extensions/work/lua/lua-language-server-3.14.0/main.lua:71]: METAPATH:	/home/astro/.local/share/zed/extensions/work/lua/lua-language-server-3.14.0/meta
[08:10:16.396][info] [#0:/home/astro/.local/share/zed/extensions/work/lua/lua-language-server-3.14.0/main.lua:72]: VERSION:	3.14.0
[08:10:16.418][info] [#0:script/proto/proto.lua:260]: Listen Mode: stdio
[08:10:16.418][info] [#0:script/service/service.lua:145]: 
========= Medical Examination Report =========
    --------------- Memory ---------------
        Total: 2.263 MB
        # 00 : 2.263 MB
        # 01 : 0.000 MB
        # 02 : 0.000 MB
        # 03 : 0.000 MB
        # 04 : 0.000 MB
    --------------- Coroutine ---------------
        Total:     0
        Running:   0
        Suspended: 0
        Normal:    0
        Dead:      0
    --------------- Cache ---------------
        Total: 1
        Dead:  0
    ---------------  RPC  ---------------
        Holdon:   0
        Waiting:  0
==============================================
[08:10:16.522][info] [#0:script/client.lua:657]: Client init	{
  capabilities = {
    experimental = {
      localDocs = true,
      serverStatusNotification = true
    },
    general = {
      positionEncodings = { "utf-16" }
    },
    textDocument = {
      codeAction = {
        codeActionLiteralSupport = {
          codeActionKind = {
            valueSet = { "refactor", "quickfix", "source" }
          }
        },
        dataSupport = true,
        resolveSupport = {
          properties = { "kind", "diagnostics", "isPreferred", "disabled", "edit", "command" }
        }
      },
      codeLens = {
        dynamicRegistration = false
      },
      completion = {
        completionItem = {
          insertReplaceSupport = true,
          insertTextModeSupport = {
            valueSet = { 1, 2 }
          },
          labelDetailsSupport = true,
          resolveSupport = {
            properties = { "additionalTextEdits", "command", "documentation" }
          },
          snippetSupport = true
        },
        completionList = {
          itemDefaults = { "commitCharacters", "editRange", "insertTextMode", "insertTextFormat", "data" }
        },
        contextSupport = true,
        insertTextMode = 2
      },
      definition = {
        linkSupport = true
      },
      documentSymbol = {
        hierarchicalDocumentSymbolSupport = true
      },
      formatting = {
        dynamicRegistration = true
      },
      hover = {
        contentFormat = { "markdown" }
      },
      inlayHint = {
        dynamicRegistration = false,
        resolveSupport = {
          properties = { "textEdits", "tooltip", "label.tooltip", "label.location", "label.command" }
        }
      },
      onTypeFormatting = {
        dynamicRegistration = true
      },
      publishDiagnostics = {
        relatedInformation = true
      },
      rangeFormatting = {
        dynamicRegistration = true
      },
      rename = {
        prepareSupport = true,
        prepareSupportDefaultBehavior = 1
      },
      signatureHelp = {
        signatureInformation = {
          activeParameterSupport = true,
          documentationFormat = { "markdown", "plaintext" },
          parameterInformation = {
            labelOffsetSupport = true
          }
        }
      },
      synchronization = {
        didSave = true
      }
    },
    window = {
      showMessage = {},
      workDoneProgress = true
    },
    workspace = {
      applyEdit = true,
      codeLens = {
        refreshSupport = true
      },
      configuration = true,
      diagnostic = {},
      didChangeConfiguration = {
        dynamicRegistration = true
      },
      didChangeWatchedFiles = {
        dynamicRegistration = true,
        relativePatternSupport = true
      },
      executeCommand = {
        dynamicRegistration = false
      },
      fileOperations = {
        didRename = true,
        dynamicRegistration = false,
        willRename = true
      },
      inlayHint = {
        refreshSupport = true
      },
      symbol = {},
      workspaceEdit = {
        documentChanges = true,
        resourceOperations = { "create", "rename", "delete" },
        snippetEditSupport = true
      },
      workspaceFolders = true
    }
  },
  clientInfo = {
    name = "Zed",
    version = "0.183.11"
  },
  rootUri = "file:///home/astro/.config/matugen",
  workspaceFolders = { {
      name = "",
      uri = "file:///home/astro/.config/matugen"
    } }
}
[08:10:16.522][info] [#0:script/language.lua:137]: VSC language: nil
[08:10:16.522][info] [#0:script/language.lua:138]: LS  language: en-us
[08:10:16.522][info] [#0:script/workspace/workspace.lua:38]: Workspace init root: 	file:///home/astro/.config/matugen
[08:10:16.522][info] [#0:script/workspace/workspace.lua:42]: Log path: 	/home/astro/.local/share/zed/extensions/work/lua/lua-language-server-3.14.0/log/file_home_astro_.config_matugen.log
[08:10:16.522][info] [#0:script/workspace/workspace.lua:48]: Workspace create: 	file:///home/astro/.config/matugen
[08:10:16.825][warn] [#0:script/config/loader.lua:116]: No config?	{}
[08:10:16.825][warn] [#0:script/config/loader.lua:116]: No config?	{}
[08:10:16.925][warn] [#0:script/config/loader.lua:116]: No config?	{}
[08:10:16.925][info] [#0:script/provider/provider.lua:65]: Load config from client	fallback
[08:10:16.925][info] [#0:script/provider/provider.lua:66]: nil
[08:10:16.926][warn] [#0:script/config/loader.lua:116]: No config?	{}
[08:10:16.926][info] [#0:script/provider/provider.lua:65]: Load config from client	fallback
[08:10:16.926][info] [#0:script/provider/provider.lua:66]: nil
[08:10:17.135][info] [#0:script/library.lua:212]: Init builtin library at:	file:///home/astro/.config/matugen
[08:10:17.143][info] [#0:script/library.lua:212]: Init builtin library at:	nil
[08:10:17.249][info] [#0:script/workspace/workspace.lua:324]: Preload start:	file:///home/astro/.config/matugen
[08:10:17.251][info] [#0:script/workspace/workspace.lua:330]: Scan files at:	file:///home/astro/.config/matugen
[08:10:17.251][info] [#0:script/workspace/workspace.lua:324]: Preload start:	<fallback>
[08:10:17.255][info] [#0:script/workspace/workspace.lua:353]: Scan library at:	file:///home/astro/.local/share/zed/extensions/work/lua/lua-language-server-3.14.0/meta/Lua%205.4%20en-us%20utf8/builtin.lua
[08:10:17.255][info] [#0:script/workspace/workspace.lua:353]: Scan library at:	file:///home/astro/.local/share/zed/extensions/work/lua/lua-language-server-3.14.0/meta/Lua%205.4%20en-us%20utf8/io.lua
[08:10:17.255][info] [#0:script/workspace/workspace.lua:353]: Scan library at:	file:///home/astro/.local/share/zed/extensions/work/lua/lua-language-server-3.14.0/meta/Lua%205.4%20en-us%20utf8/table.lua
[08:10:17.256][info] [#0:script/workspace/workspace.lua:353]: Scan library at:	file:///home/astro/.local/share/zed/extensions/work/lua/lua-language-server-3.14.0/meta/Lua%205.4%20en-us%20utf8/math.lua
[08:10:17.256][info] [#0:script/workspace/workspace.lua:353]: Scan library at:	file:///home/astro/.local/share/zed/extensions/work/lua/lua-language-server-3.14.0/meta/Lua%205.4%20en-us%20utf8/debug.lua
[08:10:17.256][info] [#0:script/workspace/workspace.lua:353]: Scan library at:	file:///home/astro/.local/share/zed/extensions/work/lua/lua-language-server-3.14.0/meta/Lua%205.4%20en-us%20utf8/utf8.lua
[08:10:17.256][info] [#0:script/workspace/workspace.lua:353]: Scan library at:	file:///home/astro/.local/share/zed/extensions/work/lua/lua-language-server-3.14.0/meta/Lua%205.4%20en-us%20utf8/basic.lua
[08:10:17.256][info] [#0:script/workspace/workspace.lua:353]: Scan library at:	file:///home/astro/.local/share/zed/extensions/work/lua/lua-language-server-3.14.0/meta/Lua%205.4%20en-us%20utf8/string.lua
[08:10:17.257][info] [#0:script/workspace/workspace.lua:353]: Scan library at:	file:///home/astro/.local/share/zed/extensions/work/lua/lua-language-server-3.14.0/meta/Lua%205.4%20en-us%20utf8/package.lua
[08:10:17.257][info] [#0:script/workspace/workspace.lua:353]: Scan library at:	file:///home/astro/.local/share/zed/extensions/work/lua/lua-language-server-3.14.0/meta/Lua%205.4%20en-us%20utf8/os.lua
[08:10:17.257][info] [#0:script/workspace/workspace.lua:353]: Scan library at:	file:///home/astro/.local/share/zed/extensions/work/lua/lua-language-server-3.14.0/meta/Lua%205.4%20en-us%20utf8/coroutine.lua
[08:10:17.257][info] [#0:script/workspace/workspace.lua:353]: Scan library at:	file:///home/astro/.local/share/zed/extensions/work/lua/lua-language-server-3.14.0/meta/Lua%205.4%20en-us%20utf8/builtin.lua
[08:10:17.257][info] [#0:script/workspace/workspace.lua:353]: Scan library at:	file:///home/astro/.local/share/zed/extensions/work/lua/lua-language-server-3.14.0/meta/Lua%205.4%20en-us%20utf8/io.lua
[08:10:17.258][info] [#0:script/workspace/workspace.lua:353]: Scan library at:	file:///home/astro/.local/share/zed/extensions/work/lua/lua-language-server-3.14.0/meta/Lua%205.4%20en-us%20utf8/table.lua
[08:10:17.258][info] [#0:script/workspace/workspace.lua:353]: Scan library at:	file:///home/astro/.local/share/zed/extensions/work/lua/lua-language-server-3.14.0/meta/Lua%205.4%20en-us%20utf8/math.lua
[08:10:17.258][info] [#0:script/workspace/workspace.lua:353]: Scan library at:	file:///home/astro/.local/share/zed/extensions/work/lua/lua-language-server-3.14.0/meta/Lua%205.4%20en-us%20utf8/debug.lua
[08:10:17.258][info] [#0:script/workspace/workspace.lua:353]: Scan library at:	file:///home/astro/.local/share/zed/extensions/work/lua/lua-language-server-3.14.0/meta/Lua%205.4%20en-us%20utf8/utf8.lua
[08:10:17.258][info] [#0:script/workspace/workspace.lua:353]: Scan library at:	file:///home/astro/.local/share/zed/extensions/work/lua/lua-language-server-3.14.0/meta/Lua%205.4%20en-us%20utf8/basic.lua
[08:10:17.258][info] [#0:script/workspace/workspace.lua:353]: Scan library at:	file:///home/astro/.local/share/zed/extensions/work/lua/lua-language-server-3.14.0/meta/Lua%205.4%20en-us%20utf8/string.lua
[08:10:17.258][info] [#0:script/workspace/workspace.lua:353]: Scan library at:	file:///home/astro/.local/share/zed/extensions/work/lua/lua-language-server-3.14.0/meta/Lua%205.4%20en-us%20utf8/package.lua
[08:10:17.259][info] [#0:script/workspace/workspace.lua:353]: Scan library at:	file:///home/astro/.local/share/zed/extensions/work/lua/lua-language-server-3.14.0/meta/Lua%205.4%20en-us%20utf8/os.lua
[08:10:17.259][info] [#0:script/workspace/workspace.lua:353]: Scan library at:	file:///home/astro/.local/share/zed/extensions/work/lua/lua-language-server-3.14.0/meta/Lua%205.4%20en-us%20utf8/coroutine.lua
[08:10:17.359][info] [#0:script/workspace/workspace.lua:379]: Found 11 files at:	<fallback>
[08:10:17.359][info] [#0:script/workspace/loading.lua:160]: Load files from disk:	<fallback>
[08:10:17.359][info] [#0:script/workspace/workspace.lua:379]: Found 12 files at:	file:///home/astro/.config/matugen
[08:10:17.359][info] [#0:script/workspace/loading.lua:160]: Load files from disk:	file:///home/astro/.config/matugen
[08:10:17.360][info] [#0:script/workspace/loading.lua:100]: Preload file at: file:///home/astro/.local/share/zed/extensions/work/lua/lua-language-server-3.14.0/meta/Lua%205.4%20en-us%20utf8/coroutine.lua , size = 2.590 KB
[08:10:17.362][info] [#0:script/workspace/loading.lua:112]: ++++As library of:	file:///home/astro/.local/share/zed/extensions/work/lua/lua-language-server-3.14.0/meta/Lua%205.4%20en-us%20utf8/coroutine.lua
[08:10:17.362][info] [#0:script/workspace/loading.lua:97]: Skip loaded file: file:///home/astro/.local/share/zed/extensions/work/lua/lua-language-server-3.14.0/meta/Lua%205.4%20en-us%20utf8/coroutine.lua
[08:10:17.362][info] [#0:script/workspace/loading.lua:100]: Preload file at: file:///home/astro/.local/share/zed/extensions/work/lua/lua-language-server-3.14.0/meta/Lua%205.4%20en-us%20utf8/os.lua , size = 5.611 KB
[08:10:17.365][info] [#0:script/workspace/loading.lua:112]: ++++As library of:	file:///home/astro/.local/share/zed/extensions/work/lua/lua-language-server-3.14.0/meta/Lua%205.4%20en-us%20utf8/os.lua
[08:10:17.365][info] [#0:script/workspace/loading.lua:97]: Skip loaded file: file:///home/astro/.local/share/zed/extensions/work/lua/lua-language-server-3.14.0/meta/Lua%205.4%20en-us%20utf8/os.lua
[08:10:17.365][info] [#0:script/workspace/loading.lua:100]: Preload file at: file:///home/astro/.local/share/zed/extensions/work/lua/lua-language-server-3.14.0/meta/Lua%205.4%20en-us%20utf8/package.lua , size = 2.944 KB
[08:10:17.367][info] [#0:script/workspace/loading.lua:112]: ++++As library of:	file:///home/astro/.local/share/zed/extensions/work/lua/lua-language-server-3.14.0/meta/Lua%205.4%20en-us%20utf8/package.lua
[08:10:17.367][info] [#0:script/workspace/loading.lua:97]: Skip loaded file: file:///home/astro/.local/share/zed/extensions/work/lua/lua-language-server-3.14.0/meta/Lua%205.4%20en-us%20utf8/package.lua
[08:10:17.367][info] [#0:script/workspace/loading.lua:100]: Preload file at: file:///home/astro/.local/share/zed/extensions/work/lua/lua-language-server-3.14.0/meta/Lua%205.4%20en-us%20utf8/string.lua , size = 5.234 KB
[08:10:17.372][info] [#0:script/workspace/loading.lua:112]: ++++As library of:	file:///home/astro/.local/share/zed/extensions/work/lua/lua-language-server-3.14.0/meta/Lua%205.4%20en-us%20utf8/string.lua
[08:10:17.372][info] [#0:script/workspace/loading.lua:97]: Skip loaded file: file:///home/astro/.local/share/zed/extensions/work/lua/lua-language-server-3.14.0/meta/Lua%205.4%20en-us%20utf8/string.lua
[08:10:17.372][info] [#0:script/workspace/loading.lua:100]: Preload file at: file:///home/astro/.local/share/zed/extensions/work/lua/lua-language-server-3.14.0/meta/Lua%205.4%20en-us%20utf8/basic.lua , size = 15.841 KB
[08:10:17.380][info] [#0:script/workspace/loading.lua:112]: ++++As library of:	file:///home/astro/.local/share/zed/extensions/work/lua/lua-language-server-3.14.0/meta/Lua%205.4%20en-us%20utf8/basic.lua
[08:10:17.380][info] [#0:script/workspace/loading.lua:97]: Skip loaded file: file:///home/astro/.local/share/zed/extensions/work/lua/lua-language-server-3.14.0/meta/Lua%205.4%20en-us%20utf8/basic.lua
[08:10:17.380][info] [#0:script/workspace/loading.lua:100]: Preload file at: file:///home/astro/.local/share/zed/extensions/work/lua/lua-language-server-3.14.0/meta/Lua%205.4%20en-us%20utf8/utf8.lua , size = 2.386 KB
[08:10:17.381][info] [#0:script/workspace/loading.lua:112]: ++++As library of:	file:///home/astro/.local/share/zed/extensions/work/lua/lua-language-server-3.14.0/meta/Lua%205.4%20en-us%20utf8/utf8.lua
[08:10:17.381][info] [#0:script/workspace/loading.lua:97]: Skip loaded file: file:///home/astro/.local/share/zed/extensions/work/lua/lua-language-server-3.14.0/meta/Lua%205.4%20en-us%20utf8/utf8.lua
[08:10:17.381][info] [#0:script/workspace/loading.lua:100]: Preload file at: file:///home/astro/.local/share/zed/extensions/work/lua/lua-language-server-3.14.0/meta/Lua%205.4%20en-us%20utf8/debug.lua , size = 7.637 KB
[08:10:17.384][info] [#0:script/workspace/loading.lua:112]: ++++As library of:	file:///home/astro/.local/share/zed/extensions/work/lua/lua-language-server-3.14.0/meta/Lua%205.4%20en-us%20utf8/debug.lua
[08:10:17.385][info] [#0:script/workspace/loading.lua:88]: Skip loaded file: file:///home/astro/.local/share/zed/extensions/work/lua/lua-language-server-3.14.0/meta/Lua%205.4%20en-us%20utf8/debug.lua
[08:10:17.385][info] [#0:script/workspace/loading.lua:112]: ++++As library of:	file:///home/astro/.local/share/zed/extensions/work/lua/lua-language-server-3.14.0/meta/Lua%205.4%20en-us%20utf8/debug.lua
[08:10:17.385][info] [#0:script/workspace/loading.lua:100]: Preload file at: file:///home/astro/.local/share/zed/extensions/work/lua/lua-language-server-3.14.0/meta/Lua%205.4%20en-us%20utf8/math.lua , size = 8.542 KB
[08:10:17.389][info] [#0:script/workspace/loading.lua:112]: ++++As library of:	file:///home/astro/.local/share/zed/extensions/work/lua/lua-language-server-3.14.0/meta/Lua%205.4%20en-us%20utf8/math.lua
[08:10:17.389][info] [#0:script/workspace/loading.lua:97]: Skip loaded file: file:///home/astro/.local/share/zed/extensions/work/lua/lua-language-server-3.14.0/meta/Lua%205.4%20en-us%20utf8/math.lua
[08:10:17.389][info] [#0:script/workspace/loading.lua:100]: Preload file at: file:///home/astro/.local/share/zed/extensions/work/lua/lua-language-server-3.14.0/meta/Lua%205.4%20en-us%20utf8/table.lua , size = 4.445 KB
[08:10:17.392][info] [#0:script/workspace/loading.lua:112]: ++++As library of:	file:///home/astro/.local/share/zed/extensions/work/lua/lua-language-server-3.14.0/meta/Lua%205.4%20en-us%20utf8/table.lua
[08:10:17.392][info] [#0:script/workspace/loading.lua:88]: Skip loaded file: file:///home/astro/.local/share/zed/extensions/work/lua/lua-language-server-3.14.0/meta/Lua%205.4%20en-us%20utf8/table.lua
[08:10:17.392][info] [#0:script/workspace/loading.lua:112]: ++++As library of:	file:///home/astro/.local/share/zed/extensions/work/lua/lua-language-server-3.14.0/meta/Lua%205.4%20en-us%20utf8/table.lua
[08:10:17.392][info] [#0:script/workspace/loading.lua:100]: Preload file at: file:///home/astro/.local/share/zed/extensions/work/lua/lua-language-server-3.14.0/meta/Lua%205.4%20en-us%20utf8/io.lua , size = 6.364 KB
[08:10:17.397][info] [#0:script/workspace/loading.lua:112]: ++++As library of:	file:///home/astro/.local/share/zed/extensions/work/lua/lua-language-server-3.14.0/meta/Lua%205.4%20en-us%20utf8/io.lua
[08:10:17.397][info] [#0:script/workspace/loading.lua:88]: Skip loaded file: file:///home/astro/.local/share/zed/extensions/work/lua/lua-language-server-3.14.0/meta/Lua%205.4%20en-us%20utf8/io.lua
[08:10:17.397][info] [#0:script/workspace/loading.lua:112]: ++++As library of:	file:///home/astro/.local/share/zed/extensions/work/lua/lua-language-server-3.14.0/meta/Lua%205.4%20en-us%20utf8/io.lua
[08:10:17.398][info] [#0:script/workspace/loading.lua:100]: Preload file at: file:///home/astro/.local/share/zed/extensions/work/lua/lua-language-server-3.14.0/meta/Lua%205.4%20en-us%20utf8/builtin.lua , size = 0.302 KB
[08:10:17.398][info] [#0:script/workspace/loading.lua:112]: ++++As library of:	file:///home/astro/.local/share/zed/extensions/work/lua/lua-language-server-3.14.0/meta/Lua%205.4%20en-us%20utf8/builtin.lua
[08:10:17.398][info] [#0:script/workspace/loading.lua:88]: Skip loaded file: file:///home/astro/.local/share/zed/extensions/work/lua/lua-language-server-3.14.0/meta/Lua%205.4%20en-us%20utf8/builtin.lua
[08:10:17.398][info] [#0:script/workspace/loading.lua:112]: ++++As library of:	file:///home/astro/.local/share/zed/extensions/work/lua/lua-language-server-3.14.0/meta/Lua%205.4%20en-us%20utf8/builtin.lua
[08:10:17.398][info] [#0:script/workspace/loading.lua:172]: Loaded files takes [0.040] sec: <fallback>
[08:10:17.398][info] [#0:script/workspace/loading.lua:181]: Compile files takes [0.000] sec: <fallback>
[08:10:17.398][info] [#0:script/workspace/loading.lua:182]: Loaded finish:	<fallback>
[08:10:17.398][info] [#0:script/workspace/workspace.lua:381]: Preload finish at:	<fallback>
[08:10:17.400][info] [#0:script/workspace/loading.lua:88]: Skip loaded file: file:///home/astro/.config/matugen/templates/wezterm.lua
[08:10:17.400][info] [#0:script/workspace/loading.lua:172]: Loaded files takes [0.041] sec: file:///home/astro/.config/matugen
[08:10:17.400][info] [#0:script/workspace/loading.lua:181]: Compile files takes [0.000] sec: file:///home/astro/.config/matugen
[08:10:17.400][info] [#0:script/workspace/loading.lua:182]: Loaded finish:	file:///home/astro/.config/matugen
[08:10:17.400][info] [#0:script/workspace/workspace.lua:381]: Preload finish at:	file:///home/astro/.config/matugen
[08:10:17.402][info] [#0:script/provider/diagnostic.lua:560]: Diagnostics scope [file:///home/astro/.config/matugen], files count:[12]
[08:10:17.424][info] [#0:script/provider/diagnostic.lua:577]: Diagnostics scope [file:///home/astro/.config/matugen] finished, takes [0.010] sec.
[08:10:58.525][info] [#0:script/provider/diagnostic.lua:560]: Diagnostics scope [file:///home/astro/.config/matugen], files count:[12]
[08:10:58.543][info] [#0:script/provider/diagnostic.lua:577]: Diagnostics scope [file:///home/astro/.config/matugen] finished, takes [0.007] sec.
[08:11:02.525][info] [#0:script/provider/diagnostic.lua:560]: Diagnostics scope [file:///home/astro/.config/matugen], files count:[12]
[08:11:02.544][info] [#0:script/provider/diagnostic.lua:577]: Diagnostics scope [file:///home/astro/.config/matugen] finished, takes [0.007] sec.
[08:11:07.651][warn] [#0:script/config/loader.lua:116]: No config?	{}
[08:11:07.754][warn] [#0:script/config/loader.lua:116]: No config?	{}
[08:11:07.754][info] [#0:script/provider/provider.lua:65]: Load config from client	fallback
[08:11:07.754][info] [#0:script/provider/provider.lua:66]: nil
[08:11:30.727][info] [#0:script/provider/diagnostic.lua:560]: Diagnostics scope [file:///home/astro/.config/matugen], files count:[12]
[08:11:30.746][info] [#0:script/provider/diagnostic.lua:577]: Diagnostics scope [file:///home/astro/.config/matugen] finished, takes [0.007] sec.
[08:11:31.756][info] [#0:script/provider/diagnostic.lua:560]: Diagnostics scope [file:///home/astro/.config/matugen], files count:[12]
[08:11:31.775][info] [#0:script/provider/diagnostic.lua:577]: Diagnostics scope [file:///home/astro/.config/matugen] finished, takes [0.007] sec.
[08:12:45.504][warn] [#0:script/config/loader.lua:116]: No config?	{}
[08:12:45.607][warn] [#0:script/config/loader.lua:116]: No config?	{}
[08:12:45.607][info] [#0:script/provider/provider.lua:65]: Load config from client	fallback
[08:12:45.607][info] [#0:script/provider/provider.lua:66]: nil
[08:17:40.553][info] [#0:script/provider/diagnostic.lua:560]: Diagnostics scope [file:///home/astro/.config/matugen], files count:[12]
[08:17:40.571][info] [#0:script/provider/diagnostic.lua:577]: Diagnostics scope [file:///home/astro/.config/matugen] finished, takes [0.007] sec.
[08:18:00.554][info] [#0:script/provider/diagnostic.lua:560]: Diagnostics scope [file:///home/astro/.config/matugen], files count:[12]
[08:18:00.573][info] [#0:script/provider/diagnostic.lua:577]: Diagnostics scope [file:///home/astro/.config/matugen] finished, takes [0.006] sec.
[08:18:01.579][warn] [#0:script/config/loader.lua:116]: No config?	{}
[08:18:01.581][warn] [#0:script/config/loader.lua:116]: No config?	{}
[08:18:01.581][info] [#0:script/provider/provider.lua:65]: Load config from client	fallback
[08:18:01.581][info] [#0:script/provider/provider.lua:66]: nil
[08:18:17.456][info] [#0:script/provider/diagnostic.lua:560]: Diagnostics scope [file:///home/astro/.config/matugen], files count:[12]
[08:18:17.475][info] [#0:script/provider/diagnostic.lua:577]: Diagnostics scope [file:///home/astro/.config/matugen] finished, takes [0.006] sec.
[08:18:18.282][warn] [#0:script/config/loader.lua:116]: No config?	{}
[08:18:18.385][warn] [#0:script/config/loader.lua:116]: No config?	{}
[08:18:18.385][info] [#0:script/provider/provider.lua:65]: Load config from client	fallback
[08:18:18.385][info] [#0:script/provider/provider.lua:66]: nil
[08:18:18.588][info] [#0:script/provider/diagnostic.lua:560]: Diagnostics scope [file:///home/astro/.config/matugen], files count:[12]
[08:18:18.608][info] [#0:script/provider/diagnostic.lua:577]: Diagnostics scope [file:///home/astro/.config/matugen] finished, takes [0.008] sec.
[08:18:25.006][info] [#0:script/provider/diagnostic.lua:560]: Diagnostics scope [file:///home/astro/.config/matugen], files count:[12]
[08:18:25.006][warn] [#0:script/config/loader.lua:116]: No config?	{}
[08:18:25.012][warn] [#0:script/config/loader.lua:116]: No config?	{}
[08:18:25.012][info] [#0:script/provider/provider.lua:65]: Load config from client	fallback
[08:18:25.012][info] [#0:script/provider/provider.lua:66]: nil
[08:18:25.036][info] [#0:script/provider/diagnostic.lua:577]: Diagnostics scope [file:///home/astro/.config/matugen] finished, takes [0.017] sec.
[08:18:37.848][warn] [#0:script/config/loader.lua:116]: No config?	{}
[08:18:37.951][warn] [#0:script/config/loader.lua:116]: No config?	{}
[08:18:37.951][info] [#0:script/provider/provider.lua:65]: Load config from client	fallback
[08:18:37.951][info] [#0:script/provider/provider.lua:66]: nil
[08:18:39.558][info] [#0:script/provider/diagnostic.lua:560]: Diagnostics scope [file:///home/astro/.config/matugen], files count:[12]
[08:18:39.576][info] [#0:script/provider/diagnostic.lua:577]: Diagnostics scope [file:///home/astro/.config/matugen] finished, takes [0.006] sec.
[08:18:43.259][warn] [#0:script/config/loader.lua:116]: No config?	{}
[08:18:43.362][warn] [#0:script/config/loader.lua:116]: No config?	{}
[08:18:43.362][info] [#0:script/provider/provider.lua:65]: Load config from client	fallback
[08:18:43.362][info] [#0:script/provider/provider.lua:66]: nil
[08:18:43.865][info] [#0:script/provider/diagnostic.lua:560]: Diagnostics scope [file:///home/astro/.config/matugen], files count:[12]
[08:18:43.885][info] [#0:script/provider/diagnostic.lua:577]: Diagnostics scope [file:///home/astro/.config/matugen] finished, takes [0.008] sec.
[08:18:54.961][info] [#0:script/provider/diagnostic.lua:560]: Diagnostics scope [file:///home/astro/.config/matugen], files count:[12]
[08:18:54.980][info] [#0:script/provider/diagnostic.lua:577]: Diagnostics scope [file:///home/astro/.config/matugen] finished, takes [0.007] sec.
[08:18:57.360][info] [#0:script/provider/diagnostic.lua:560]: Diagnostics scope [file:///home/astro/.config/matugen], files count:[12]
[08:18:57.379][info] [#0:script/provider/diagnostic.lua:577]: Diagnostics scope [file:///home/astro/.config/matugen] finished, takes [0.007] sec.
[08:18:58.084][warn] [#0:script/config/loader.lua:116]: No config?	{}
[08:18:58.187][warn] [#0:script/config/loader.lua:116]: No config?	{}
[08:18:58.187][info] [#0:script/provider/provider.lua:65]: Load config from client	fallback
[08:18:58.187][info] [#0:script/provider/provider.lua:66]: nil
[08:18:58.389][info] [#0:script/provider/diagnostic.lua:560]: Diagnostics scope [file:///home/astro/.config/matugen], files count:[12]
[08:18:58.410][info] [#0:script/provider/diagnostic.lua:577]: Diagnostics scope [file:///home/astro/.config/matugen] finished, takes [0.009] sec.
[08:19:40.466][warn] [#0:script/config/loader.lua:116]: No config?	{}
[08:19:40.468][warn] [#0:script/config/loader.lua:116]: No config?	{}
[08:19:40.468][info] [#0:script/provider/provider.lua:65]: Load config from client	fallback
[08:19:40.468][info] [#0:script/provider/provider.lua:66]: nil
[08:19:41.071][info] [#0:script/provider/diagnostic.lua:560]: Diagnostics scope [file:///home/astro/.config/matugen], files count:[12]
[08:19:41.090][info] [#0:script/provider/diagnostic.lua:577]: Diagnostics scope [file:///home/astro/.config/matugen] finished, takes [0.007] sec.
[08:19:50.563][info] [#0:script/provider/diagnostic.lua:560]: Diagnostics scope [file:///home/astro/.config/matugen], files count:[12]
[08:19:50.583][info] [#0:script/provider/diagnostic.lua:577]: Diagnostics scope [file:///home/astro/.config/matugen] finished, takes [0.007] sec.
[08:20:02.065][warn] [#0:script/config/loader.lua:116]: No config?	{}
[08:20:02.167][warn] [#0:script/config/loader.lua:116]: No config?	{}
[08:20:02.167][info] [#0:script/provider/provider.lua:65]: Load config from client	fallback
[08:20:02.167][info] [#0:script/provider/provider.lua:66]: nil
[08:20:02.870][info] [#0:script/provider/diagnostic.lua:560]: Diagnostics scope [file:///home/astro/.config/matugen], files count:[12]
[08:20:02.891][info] [#0:script/provider/diagnostic.lua:577]: Diagnostics scope [file:///home/astro/.config/matugen] finished, takes [0.009] sec.
[08:20:16.465][info] [#0:script/service/service.lua:145]: 
========= Medical Examination Report =========
    --------------- Memory ---------------
        Total: 6.355 MB
        # 00 : 6.032 MB
        # 01 : 0.103 MB
        # 02 : 0.053 MB
        # 03 : 0.053 MB
        # 04 : 0.114 MB
    --------------- Coroutine ---------------
        Total:     1
        Running:   0
        Suspended: 0
        Normal:    0
        Dead:      1
    --------------- Cache ---------------
        Total: 1
        Dead:  0
    ---------------  RPC  ---------------
        Holdon:   0
        Waiting:  0
==============================================
[08:21:08.370][warn] [#0:script/config/loader.lua:116]: No config?	{}
[08:21:08.472][warn] [#0:script/config/loader.lua:116]: No config?	{}
[08:21:08.472][info] [#0:script/provider/provider.lua:65]: Load config from client	fallback
[08:21:08.472][info] [#0:script/provider/provider.lua:66]: nil
[08:21:09.075][info] [#0:script/provider/diagnostic.lua:560]: Diagnostics scope [file:///home/astro/.config/matugen], files count:[12]
[08:21:09.095][info] [#0:script/provider/diagnostic.lua:577]: Diagnostics scope [file:///home/astro/.config/matugen] finished, takes [0.008] sec.
[08:21:16.743][warn] [#0:script/config/loader.lua:116]: No config?	{}
[08:21:16.846][warn] [#0:script/config/loader.lua:116]: No config?	{}
[08:21:16.846][info] [#0:script/provider/provider.lua:65]: Load config from client	fallback
[08:21:16.846][info] [#0:script/provider/provider.lua:66]: nil
[08:21:17.449][info] [#0:script/provider/diagnostic.lua:560]: Diagnostics scope [file:///home/astro/.config/matugen], files count:[12]
[08:21:17.468][info] [#0:script/provider/diagnostic.lua:577]: Diagnostics scope [file:///home/astro/.config/matugen] finished, takes [0.007] sec.
[08:21:26.470][info] [#0:script/provider/diagnostic.lua:560]: Diagnostics scope [file:///home/astro/.config/matugen], files count:[12]
[08:21:26.489][info] [#0:script/provider/diagnostic.lua:577]: Diagnostics scope [file:///home/astro/.config/matugen] finished, takes [0.007] sec.
[08:24:24.438][info] [#0:script/provider/diagnostic.lua:560]: Diagnostics scope [file:///home/astro/.config/matugen], files count:[12]
[08:24:24.439][warn] [#0:script/config/loader.lua:116]: No config?	{}
[08:24:24.441][warn] [#0:script/config/loader.lua:116]: No config?	{}
[08:24:24.442][info] [#0:script/provider/provider.lua:65]: Load config from client	fallback
[08:24:24.442][info] [#0:script/provider/provider.lua:66]: nil
[08:24:24.466][info] [#0:script/provider/diagnostic.lua:577]: Diagnostics scope [file:///home/astro/.config/matugen] finished, takes [0.016] sec.
[08:25:08.585][info] [#0:script/provider/diagnostic.lua:560]: Diagnostics scope [file:///home/astro/.config/matugen], files count:[12]
[08:25:08.604][info] [#0:script/provider/diagnostic.lua:577]: Diagnostics scope [file:///home/astro/.config/matugen] finished, takes [0.006] sec.
[08:25:09.411][warn] [#0:script/config/loader.lua:116]: No config?	{}
[08:25:09.514][warn] [#0:script/config/loader.lua:116]: No config?	{}
[08:25:09.514][info] [#0:script/provider/provider.lua:65]: Load config from client	fallback
[08:25:09.514][info] [#0:script/provider/provider.lua:66]: nil
[08:26:12.590][info] [#0:script/provider/diagnostic.lua:560]: Diagnostics scope [file:///home/astro/.config/matugen], files count:[12]
[08:26:12.608][info] [#0:script/provider/diagnostic.lua:577]: Diagnostics scope [file:///home/astro/.config/matugen] finished, takes [0.006] sec.
[08:26:22.025][warn] [#0:script/config/loader.lua:116]: No config?	{}
[08:26:22.126][info] [#0:script/provider/diagnostic.lua:560]: Diagnostics scope [file:///home/astro/.config/matugen], files count:[12]
[08:26:22.128][warn] [#0:script/config/loader.lua:116]: No config?	{}
[08:26:22.128][info] [#0:script/provider/provider.lua:65]: Load config from client	fallback
[08:26:22.128][info] [#0:script/provider/provider.lua:66]: nil
[08:26:22.156][info] [#0:script/provider/diagnostic.lua:577]: Diagnostics scope [file:///home/astro/.config/matugen] finished, takes [0.015] sec.
[08:26:33.597][warn] [#0:script/config/loader.lua:116]: No config?	{}
[08:26:33.699][warn] [#0:script/config/loader.lua:116]: No config?	{}
[08:26:33.699][info] [#0:script/provider/provider.lua:65]: Load config from client	fallback
[08:26:33.699][info] [#0:script/provider/provider.lua:66]: nil
[08:26:34.603][info] [#0:script/provider/diagnostic.lua:560]: Diagnostics scope [file:///home/astro/.config/matugen], files count:[12]
[08:26:34.622][info] [#0:script/provider/diagnostic.lua:577]: Diagnostics scope [file:///home/astro/.config/matugen] finished, takes [0.007] sec.
[08:28:38.507][warn] [#0:script/config/loader.lua:116]: No config?	{}
[08:28:38.511][warn] [#0:script/config/loader.lua:116]: No config?	{}
[08:28:38.511][info] [#0:script/provider/provider.lua:65]: Load config from client	fallback
[08:28:38.511][info] [#0:script/provider/provider.lua:66]: nil
[08:28:38.816][info] [#0:script/provider/diagnostic.lua:560]: Diagnostics scope [file:///home/astro/.config/matugen], files count:[12]
[08:28:38.838][info] [#0:script/provider/diagnostic.lua:577]: Diagnostics scope [file:///home/astro/.config/matugen] finished, takes [0.009] sec.
[08:29:48.407][warn] [#0:script/config/loader.lua:116]: No config?	{}
[08:29:48.510][warn] [#0:script/config/loader.lua:116]: No config?	{}
[08:29:48.510][info] [#0:script/provider/provider.lua:65]: Load config from client	fallback
[08:29:48.510][info] [#0:script/provider/provider.lua:66]: nil
[08:29:48.712][info] [#0:script/provider/diagnostic.lua:560]: Diagnostics scope [file:///home/astro/.config/matugen], files count:[12]
[08:29:48.732][info] [#0:script/provider/diagnostic.lua:577]: Diagnostics scope [file:///home/astro/.config/matugen] finished, takes [0.007] sec.
[08:30:16.508][info] [#0:script/service/service.lua:145]: 
========= Medical Examination Report =========
    --------------- Memory ---------------
        Total: 6.355 MB
        # 00 : 6.032 MB
        # 01 : 0.103 MB
        # 02 : 0.053 MB
        # 03 : 0.053 MB
        # 04 : 0.114 MB
    --------------- Coroutine ---------------
        Total:     1
        Running:   0
        Suspended: 0
        Normal:    0
        Dead:      1
    --------------- Cache ---------------
        Total: 1
        Dead:  0
    ---------------  RPC  ---------------
        Holdon:   0
        Waiting:  0
==============================================
[08:32:12.074][warn] [#0:script/config/loader.lua:116]: No config?	{}
[08:32:12.177][warn] [#0:script/config/loader.lua:116]: No config?	{}
[08:32:12.177][info] [#0:script/provider/provider.lua:65]: Load config from client	fallback
[08:32:12.177][info] [#0:script/provider/provider.lua:66]: nil
[08:32:12.480][info] [#0:script/provider/diagnostic.lua:560]: Diagnostics scope [file:///home/astro/.config/matugen], files count:[12]
[08:32:12.505][info] [#0:script/provider/diagnostic.lua:577]: Diagnostics scope [file:///home/astro/.config/matugen] finished, takes [0.011] sec.
[08:32:58.921][warn] [#0:script/config/loader.lua:116]: No config?	{}
[08:32:59.037][warn] [#0:script/config/loader.lua:116]: No config?	{}
[08:32:59.037][info] [#0:script/provider/provider.lua:65]: Load config from client	fallback
[08:32:59.037][info] [#0:script/provider/provider.lua:66]: nil
[08:32:59.848][info] [#0:script/provider/diagnostic.lua:560]: Diagnostics scope [file:///home/astro/.config/matugen], files count:[12]
[08:32:59.868][info] [#0:script/provider/diagnostic.lua:577]: Diagnostics scope [file:///home/astro/.config/matugen] finished, takes [0.008] sec.
[08:33:28.623][info] [#0:script/provider/diagnostic.lua:560]: Diagnostics scope [file:///home/astro/.config/matugen], files count:[12]
[08:33:28.641][info] [#0:script/provider/diagnostic.lua:577]: Diagnostics scope [file:///home/astro/.config/matugen] finished, takes [0.007] sec.
[08:33:36.175][warn] [#0:script/config/loader.lua:116]: No config?	{}
[08:33:36.279][warn] [#0:script/config/loader.lua:116]: No config?	{}
[08:33:36.279][info] [#0:script/provider/provider.lua:65]: Load config from client	fallback
[08:33:36.279][info] [#0:script/provider/provider.lua:66]: nil
[08:33:36.279][info] [#0:script/provider/diagnostic.lua:560]: Diagnostics scope [file:///home/astro/.config/matugen], files count:[12]
[08:33:36.315][info] [#0:script/provider/diagnostic.lua:577]: Diagnostics scope [file:///home/astro/.config/matugen] finished, takes [0.015] sec.
[08:33:55.336][info] [#0:script/provider/diagnostic.lua:560]: Diagnostics scope [file:///home/astro/.config/matugen], files count:[12]
[08:33:55.337][warn] [#0:script/config/loader.lua:116]: No config?	{}
[08:33:55.339][warn] [#0:script/config/loader.lua:116]: No config?	{}
[08:33:55.339][info] [#0:script/provider/provider.lua:65]: Load config from client	fallback
[08:33:55.339][info] [#0:script/provider/provider.lua:66]: nil
[08:33:55.363][info] [#0:script/provider/diagnostic.lua:577]: Diagnostics scope [file:///home/astro/.config/matugen] finished, takes [0.015] sec.
[08:34:20.631][info] [#0:script/provider/diagnostic.lua:560]: Diagnostics scope [file:///home/astro/.config/matugen], files count:[12]
[08:34:20.631][warn] [#0:script/config/loader.lua:116]: No config?	{}
[08:34:20.633][warn] [#0:script/config/loader.lua:116]: No config?	{}
[08:34:20.633][info] [#0:script/provider/provider.lua:65]: Load config from client	fallback
[08:34:20.633][info] [#0:script/provider/provider.lua:66]: nil
[08:34:20.654][info] [#0:script/provider/diagnostic.lua:577]: Diagnostics scope [file:///home/astro/.config/matugen] finished, takes [0.011] sec.
[08:35:26.845][info] [#0:script/provider/diagnostic.lua:560]: Diagnostics scope [file:///home/astro/.config/matugen], files count:[12]
[08:35:26.845][warn] [#0:script/config/loader.lua:116]: No config?	{}
[08:35:26.848][warn] [#0:script/config/loader.lua:116]: No config?	{}
[08:35:26.848][info] [#0:script/provider/provider.lua:65]: Load config from client	fallback
[08:35:26.849][info] [#0:script/provider/provider.lua:66]: nil
[08:35:26.877][info] [#0:script/provider/diagnostic.lua:577]: Diagnostics scope [file:///home/astro/.config/matugen] finished, takes [0.017] sec.
[08:35:41.837][warn] [#0:script/config/loader.lua:116]: No config?	{}
[08:35:41.939][warn] [#0:script/config/loader.lua:116]: No config?	{}
[08:35:41.939][info] [#0:script/provider/provider.lua:65]: Load config from client	fallback
[08:35:41.939][info] [#0:script/provider/provider.lua:66]: nil
[08:35:42.943][info] [#0:script/provider/diagnostic.lua:560]: Diagnostics scope [file:///home/astro/.config/matugen], files count:[12]
[08:35:42.963][info] [#0:script/provider/diagnostic.lua:577]: Diagnostics scope [file:///home/astro/.config/matugen] finished, takes [0.008] sec.
[08:35:58.541][warn] [#0:script/config/loader.lua:116]: No config?	{}
[08:35:58.544][warn] [#0:script/config/loader.lua:116]: No config?	{}
[08:35:58.544][info] [#0:script/provider/provider.lua:65]: Load config from client	fallback
[08:35:58.544][info] [#0:script/provider/provider.lua:66]: nil
[08:35:59.248][info] [#0:script/provider/diagnostic.lua:560]: Diagnostics scope [file:///home/astro/.config/matugen], files count:[12]
[08:35:59.267][info] [#0:script/provider/diagnostic.lua:577]: Diagnostics scope [file:///home/astro/.config/matugen] finished, takes [0.007] sec.
[08:36:10.041][warn] [#0:script/config/loader.lua:116]: No config?	{}
[08:36:10.143][warn] [#0:script/config/loader.lua:116]: No config?	{}
[08:36:10.143][info] [#0:script/provider/provider.lua:65]: Load config from client	fallback
[08:36:10.143][info] [#0:script/provider/provider.lua:66]: nil
[08:36:10.747][info] [#0:script/provider/diagnostic.lua:560]: Diagnostics scope [file:///home/astro/.config/matugen], files count:[12]
[08:36:10.767][info] [#0:script/provider/diagnostic.lua:577]: Diagnostics scope [file:///home/astro/.config/matugen] finished, takes [0.008] sec.
[08:36:49.643][info] [#0:script/provider/diagnostic.lua:560]: Diagnostics scope [file:///home/astro/.config/matugen], files count:[12]
[08:36:49.661][info] [#0:script/provider/diagnostic.lua:577]: Diagnostics scope [file:///home/astro/.config/matugen] finished, takes [0.007] sec.
[08:36:53.643][info] [#0:script/provider/diagnostic.lua:560]: Diagnostics scope [file:///home/astro/.config/matugen], files count:[12]
[08:36:53.661][info] [#0:script/provider/diagnostic.lua:577]: Diagnostics scope [file:///home/astro/.config/matugen] finished, takes [0.007] sec.
