[18:26:04.862][info] [#0:/home/astro/.local/share/zed/extensions/work/lua/lua-language-server-3.13.8/main.lua:68]: Lua Lsp startup, root: 	/home/astro/.local/share/zed/extensions/work/lua/lua-language-server-3.13.8
[18:26:04.862][info] [#0:/home/astro/.local/share/zed/extensions/work/lua/lua-language-server-3.13.8/main.lua:69]: ROOT:	/home/astro/.local/share/zed/extensions/work/lua/lua-language-server-3.13.8
[18:26:04.862][info] [#0:/home/astro/.local/share/zed/extensions/work/lua/lua-language-server-3.13.8/main.lua:70]: LOGPATH:	/home/astro/.local/share/zed/extensions/work/lua/lua-language-server-3.13.8/log
[18:26:04.862][info] [#0:/home/astro/.local/share/zed/extensions/work/lua/lua-language-server-3.13.8/main.lua:71]: METAPATH:	/home/astro/.local/share/zed/extensions/work/lua/lua-language-server-3.13.8/meta
[18:26:04.862][info] [#0:/home/astro/.local/share/zed/extensions/work/lua/lua-language-server-3.13.8/main.lua:72]: VERSION:	3.13.8
[18:26:04.879][info] [#0:script/proto/proto.lua:260]: Listen Mode: stdio
[18:26:04.879][info] [#0:script/service/service.lua:145]: 
========= Medical Examination Report =========
    --------------- Memory ---------------
        Total: 2.258 MB
        # 00 : 2.258 MB
        # 01 : 0.000 MB
        # 02 : 0.000 MB
        # 03 : 0.000 MB
        # 04 : 0.000 MB
    --------------- Coroutine ---------------
        Total:     0
        Running:   0
        Suspended: 0
        Normal:    0
        Dead:      0
    --------------- Cache ---------------
        Total: 1
        Dead:  0
    ---------------  RPC  ---------------
        Holdon:   0
        Waiting:  0
==============================================
[18:26:04.983][info] [#0:script/client.lua:657]: Client init	{
  capabilities = {
    experimental = {
      localDocs = true,
      serverStatusNotification = true
    },
    general = {
      positionEncodings = { "utf-16" }
    },
    textDocument = {
      codeAction = {
        codeActionLiteralSupport = {
          codeActionKind = {
            valueSet = { "refactor", "quickfix", "source" }
          }
        },
        dataSupport = true,
        resolveSupport = {
          properties = { "kind", "diagnostics", "isPreferred", "disabled", "edit", "command" }
        }
      },
      completion = {
        completionItem = {
          insertReplaceSupport = true,
          labelDetailsSupport = true,
          resolveSupport = {
            properties = { "additionalTextEdits", "command", "documentation" }
          },
          snippetSupport = true
        },
        completionList = {
          itemDefaults = { "commitCharacters", "editRange", "insertTextMode", "insertTextFormat", "data" }
        },
        contextSupport = true
      },
      definition = {
        linkSupport = true
      },
      formatting = {
        dynamicRegistration = true
      },
      hover = {
        contentFormat = { "markdown" }
      },
      inlayHint = {
        dynamicRegistration = false,
        resolveSupport = {
          properties = { "textEdits", "tooltip", "label.tooltip", "label.location", "label.command" }
        }
      },
      onTypeFormatting = {
        dynamicRegistration = true
      },
      publishDiagnostics = {
        relatedInformation = true
      },
      rangeFormatting = {
        dynamicRegistration = true
      },
      rename = {
        prepareSupport = true,
        prepareSupportDefaultBehavior = 1
      },
      signatureHelp = {
        signatureInformation = {
          activeParameterSupport = true,
          documentationFormat = { "markdown", "plaintext" },
          parameterInformation = {
            labelOffsetSupport = true
          }
        }
      },
      synchronization = {
        didSave = true
      }
    },
    window = {
      showMessage = {},
      workDoneProgress = true
    },
    workspace = {
      applyEdit = true,
      configuration = true,
      diagnostic = {},
      didChangeConfiguration = {
        dynamicRegistration = true
      },
      didChangeWatchedFiles = {
        dynamicRegistration = true,
        relativePatternSupport = true
      },
      fileOperations = {
        didRename = true,
        dynamicRegistration = false,
        willRename = true
      },
      inlayHint = {
        refreshSupport = true
      },
      symbol = {},
      workspaceEdit = {
        documentChanges = true,
        resourceOperations = { "create", "rename", "delete" },
        snippetEditSupport = true
      },
      workspaceFolders = true
    }
  },
  clientInfo = {
    name = "Zed",
    version = "0.176.3"
  },
  rootUri = "file:///home/astro",
  workspaceFolders = { {
      name = "",
      uri = "file:///home/astro/.wezterm.lua/"
    } }
}
[18:26:04.983][info] [#0:script/language.lua:137]: VSC language: nil
[18:26:04.983][info] [#0:script/language.lua:138]: LS  language: en-us
[18:26:04.983][info] [#0:script/workspace/workspace.lua:38]: Workspace init root: 	file:///home/astro
[18:26:04.983][info] [#0:script/workspace/workspace.lua:42]: Log path: 	/home/astro/.local/share/zed/extensions/work/lua/lua-language-server-3.13.8/log/file_home_astro.log
[18:26:04.983][info] [#0:script/workspace/workspace.lua:48]: Workspace create: 	file:///home/astro/.wezterm.lua/
[18:26:05.285][warn] [#0:script/config/loader.lua:116]: No config?	{}
[18:26:05.285][warn] [#0:script/config/loader.lua:116]: No config?	{}
[18:26:05.386][warn] [#0:script/config/loader.lua:116]: No config?	{}
[18:26:05.386][info] [#0:script/provider/provider.lua:65]: Load config from client	fallback
[18:26:05.386][info] [#0:script/provider/provider.lua:66]: nil
[18:26:05.386][warn] [#0:script/config/loader.lua:116]: No config?	{}
[18:26:05.386][info] [#0:script/provider/provider.lua:65]: Load config from client	fallback
[18:26:05.386][info] [#0:script/provider/provider.lua:66]: nil
[18:26:05.493][info] [#0:script/library.lua:212]: Init builtin library at:	file:///home/astro/.wezterm.lua/
[18:26:05.500][info] [#0:script/library.lua:212]: Init builtin library at:	nil
[18:26:05.606][info] [#0:script/workspace/workspace.lua:324]: Preload start:	file:///home/astro/.wezterm.lua/
[18:26:05.607][info] [#0:script/workspace/workspace.lua:330]: Scan files at:	file:///home/astro/.wezterm.lua/
[18:26:05.607][info] [#0:script/workspace/workspace.lua:324]: Preload start:	<fallback>
[18:26:05.610][info] [#0:script/workspace/workspace.lua:353]: Scan library at:	file:///home/astro/.local/share/zed/extensions/work/lua/lua-language-server-3.13.8/meta/Lua%205.4%20en-us%20utf8/math.lua
[18:26:05.610][info] [#0:script/workspace/workspace.lua:353]: Scan library at:	file:///home/astro/.local/share/zed/extensions/work/lua/lua-language-server-3.13.8/meta/Lua%205.4%20en-us%20utf8/math.lua
[18:26:05.610][info] [#0:script/workspace/workspace.lua:353]: Scan library at:	file:///home/astro/.local/share/zed/extensions/work/lua/lua-language-server-3.13.8/meta/Lua%205.4%20en-us%20utf8/os.lua
[18:26:05.610][info] [#0:script/workspace/workspace.lua:353]: Scan library at:	file:///home/astro/.local/share/zed/extensions/work/lua/lua-language-server-3.13.8/meta/Lua%205.4%20en-us%20utf8/os.lua
[18:26:05.610][info] [#0:script/workspace/workspace.lua:353]: Scan library at:	file:///home/astro/.local/share/zed/extensions/work/lua/lua-language-server-3.13.8/meta/Lua%205.4%20en-us%20utf8/coroutine.lua
[18:26:05.610][info] [#0:script/workspace/workspace.lua:353]: Scan library at:	file:///home/astro/.local/share/zed/extensions/work/lua/lua-language-server-3.13.8/meta/Lua%205.4%20en-us%20utf8/coroutine.lua
[18:26:05.610][info] [#0:script/workspace/workspace.lua:353]: Scan library at:	file:///home/astro/.local/share/zed/extensions/work/lua/lua-language-server-3.13.8/meta/Lua%205.4%20en-us%20utf8/io.lua
[18:26:05.610][info] [#0:script/workspace/workspace.lua:353]: Scan library at:	file:///home/astro/.local/share/zed/extensions/work/lua/lua-language-server-3.13.8/meta/Lua%205.4%20en-us%20utf8/io.lua
[18:26:05.611][info] [#0:script/workspace/workspace.lua:353]: Scan library at:	file:///home/astro/.local/share/zed/extensions/work/lua/lua-language-server-3.13.8/meta/Lua%205.4%20en-us%20utf8/table.lua
[18:26:05.611][info] [#0:script/workspace/workspace.lua:353]: Scan library at:	file:///home/astro/.local/share/zed/extensions/work/lua/lua-language-server-3.13.8/meta/Lua%205.4%20en-us%20utf8/table.lua
[18:26:05.611][info] [#0:script/workspace/workspace.lua:353]: Scan library at:	file:///home/astro/.local/share/zed/extensions/work/lua/lua-language-server-3.13.8/meta/Lua%205.4%20en-us%20utf8/basic.lua
[18:26:05.611][info] [#0:script/workspace/workspace.lua:353]: Scan library at:	file:///home/astro/.local/share/zed/extensions/work/lua/lua-language-server-3.13.8/meta/Lua%205.4%20en-us%20utf8/basic.lua
[18:26:05.611][info] [#0:script/workspace/workspace.lua:353]: Scan library at:	file:///home/astro/.local/share/zed/extensions/work/lua/lua-language-server-3.13.8/meta/Lua%205.4%20en-us%20utf8/builtin.lua
[18:26:05.611][info] [#0:script/workspace/workspace.lua:353]: Scan library at:	file:///home/astro/.local/share/zed/extensions/work/lua/lua-language-server-3.13.8/meta/Lua%205.4%20en-us%20utf8/builtin.lua
[18:26:05.611][info] [#0:script/workspace/workspace.lua:353]: Scan library at:	file:///home/astro/.local/share/zed/extensions/work/lua/lua-language-server-3.13.8/meta/Lua%205.4%20en-us%20utf8/string.lua
[18:26:05.611][info] [#0:script/workspace/workspace.lua:353]: Scan library at:	file:///home/astro/.local/share/zed/extensions/work/lua/lua-language-server-3.13.8/meta/Lua%205.4%20en-us%20utf8/string.lua
[18:26:05.612][info] [#0:script/workspace/workspace.lua:353]: Scan library at:	file:///home/astro/.local/share/zed/extensions/work/lua/lua-language-server-3.13.8/meta/Lua%205.4%20en-us%20utf8/package.lua
[18:26:05.612][info] [#0:script/workspace/workspace.lua:353]: Scan library at:	file:///home/astro/.local/share/zed/extensions/work/lua/lua-language-server-3.13.8/meta/Lua%205.4%20en-us%20utf8/package.lua
[18:26:05.612][info] [#0:script/workspace/workspace.lua:353]: Scan library at:	file:///home/astro/.local/share/zed/extensions/work/lua/lua-language-server-3.13.8/meta/Lua%205.4%20en-us%20utf8/utf8.lua
[18:26:05.612][info] [#0:script/workspace/workspace.lua:353]: Scan library at:	file:///home/astro/.local/share/zed/extensions/work/lua/lua-language-server-3.13.8/meta/Lua%205.4%20en-us%20utf8/utf8.lua
[18:26:05.612][info] [#0:script/workspace/workspace.lua:353]: Scan library at:	file:///home/astro/.local/share/zed/extensions/work/lua/lua-language-server-3.13.8/meta/Lua%205.4%20en-us%20utf8/debug.lua
[18:26:05.612][info] [#0:script/workspace/workspace.lua:353]: Scan library at:	file:///home/astro/.local/share/zed/extensions/work/lua/lua-language-server-3.13.8/meta/Lua%205.4%20en-us%20utf8/debug.lua
[18:26:05.713][info] [#0:script/workspace/workspace.lua:379]: Found 11 files at:	<fallback>
[18:26:05.713][info] [#0:script/workspace/loading.lua:160]: Load files from disk:	<fallback>
[18:26:05.713][info] [#0:script/workspace/workspace.lua:379]: Found 11 files at:	file:///home/astro/.wezterm.lua/
[18:26:05.713][info] [#0:script/workspace/loading.lua:160]: Load files from disk:	file:///home/astro/.wezterm.lua/
[18:26:05.713][info] [#0:script/workspace/loading.lua:100]: Preload file at: file:///home/astro/.local/share/zed/extensions/work/lua/lua-language-server-3.13.8/meta/Lua%205.4%20en-us%20utf8/debug.lua , size = 7.637 KB
[18:26:05.717][info] [#0:script/workspace/loading.lua:112]: ++++As library of:	file:///home/astro/.local/share/zed/extensions/work/lua/lua-language-server-3.13.8/meta/Lua%205.4%20en-us%20utf8/debug.lua
[18:26:05.717][info] [#0:script/workspace/loading.lua:100]: Preload file at: file:///home/astro/.local/share/zed/extensions/work/lua/lua-language-server-3.13.8/meta/Lua%205.4%20en-us%20utf8/utf8.lua , size = 2.386 KB
[18:26:05.719][info] [#0:script/workspace/loading.lua:112]: ++++As library of:	file:///home/astro/.local/share/zed/extensions/work/lua/lua-language-server-3.13.8/meta/Lua%205.4%20en-us%20utf8/utf8.lua
[18:26:05.719][info] [#0:script/workspace/loading.lua:97]: Skip loaded file: file:///home/astro/.local/share/zed/extensions/work/lua/lua-language-server-3.13.8/meta/Lua%205.4%20en-us%20utf8/utf8.lua
[18:26:05.719][info] [#0:script/workspace/loading.lua:100]: Preload file at: file:///home/astro/.local/share/zed/extensions/work/lua/lua-language-server-3.13.8/meta/Lua%205.4%20en-us%20utf8/package.lua , size = 2.944 KB
[18:26:05.720][info] [#0:script/workspace/loading.lua:112]: ++++As library of:	file:///home/astro/.local/share/zed/extensions/work/lua/lua-language-server-3.13.8/meta/Lua%205.4%20en-us%20utf8/package.lua
[18:26:05.721][info] [#0:script/workspace/loading.lua:97]: Skip loaded file: file:///home/astro/.local/share/zed/extensions/work/lua/lua-language-server-3.13.8/meta/Lua%205.4%20en-us%20utf8/package.lua
[18:26:05.721][info] [#0:script/workspace/loading.lua:100]: Preload file at: file:///home/astro/.local/share/zed/extensions/work/lua/lua-language-server-3.13.8/meta/Lua%205.4%20en-us%20utf8/string.lua , size = 5.260 KB
[18:26:05.724][info] [#0:script/workspace/loading.lua:112]: ++++As library of:	file:///home/astro/.local/share/zed/extensions/work/lua/lua-language-server-3.13.8/meta/Lua%205.4%20en-us%20utf8/string.lua
[18:26:05.724][info] [#0:script/workspace/loading.lua:97]: Skip loaded file: file:///home/astro/.local/share/zed/extensions/work/lua/lua-language-server-3.13.8/meta/Lua%205.4%20en-us%20utf8/string.lua
[18:26:05.724][info] [#0:script/workspace/loading.lua:100]: Preload file at: file:///home/astro/.local/share/zed/extensions/work/lua/lua-language-server-3.13.8/meta/Lua%205.4%20en-us%20utf8/builtin.lua , size = 0.302 KB
[18:26:05.724][info] [#0:script/workspace/loading.lua:112]: ++++As library of:	file:///home/astro/.local/share/zed/extensions/work/lua/lua-language-server-3.13.8/meta/Lua%205.4%20en-us%20utf8/builtin.lua
[18:26:05.724][info] [#0:script/workspace/loading.lua:97]: Skip loaded file: file:///home/astro/.local/share/zed/extensions/work/lua/lua-language-server-3.13.8/meta/Lua%205.4%20en-us%20utf8/builtin.lua
[18:26:05.724][info] [#0:script/workspace/loading.lua:97]: Skip loaded file: file:///home/astro/.local/share/zed/extensions/work/lua/lua-language-server-3.13.8/meta/Lua%205.4%20en-us%20utf8/debug.lua
[18:26:05.724][info] [#0:script/workspace/loading.lua:100]: Preload file at: file:///home/astro/.local/share/zed/extensions/work/lua/lua-language-server-3.13.8/meta/Lua%205.4%20en-us%20utf8/basic.lua , size = 15.841 KB
[18:26:05.731][info] [#0:script/workspace/loading.lua:112]: ++++As library of:	file:///home/astro/.local/share/zed/extensions/work/lua/lua-language-server-3.13.8/meta/Lua%205.4%20en-us%20utf8/basic.lua
[18:26:05.731][info] [#0:script/workspace/loading.lua:97]: Skip loaded file: file:///home/astro/.local/share/zed/extensions/work/lua/lua-language-server-3.13.8/meta/Lua%205.4%20en-us%20utf8/basic.lua
[18:26:05.731][info] [#0:script/workspace/loading.lua:100]: Preload file at: file:///home/astro/.local/share/zed/extensions/work/lua/lua-language-server-3.13.8/meta/Lua%205.4%20en-us%20utf8/table.lua , size = 4.445 KB
[18:26:05.733][info] [#0:script/workspace/loading.lua:112]: ++++As library of:	file:///home/astro/.local/share/zed/extensions/work/lua/lua-language-server-3.13.8/meta/Lua%205.4%20en-us%20utf8/table.lua
[18:26:05.733][info] [#0:script/workspace/loading.lua:88]: Skip loaded file: file:///home/astro/.local/share/zed/extensions/work/lua/lua-language-server-3.13.8/meta/Lua%205.4%20en-us%20utf8/table.lua
[18:26:05.733][info] [#0:script/workspace/loading.lua:112]: ++++As library of:	file:///home/astro/.local/share/zed/extensions/work/lua/lua-language-server-3.13.8/meta/Lua%205.4%20en-us%20utf8/table.lua
[18:26:05.733][info] [#0:script/workspace/loading.lua:100]: Preload file at: file:///home/astro/.local/share/zed/extensions/work/lua/lua-language-server-3.13.8/meta/Lua%205.4%20en-us%20utf8/io.lua , size = 6.364 KB
[18:26:05.735][info] [#0:script/workspace/loading.lua:112]: ++++As library of:	file:///home/astro/.local/share/zed/extensions/work/lua/lua-language-server-3.13.8/meta/Lua%205.4%20en-us%20utf8/io.lua
[18:26:05.735][info] [#0:script/workspace/loading.lua:88]: Skip loaded file: file:///home/astro/.local/share/zed/extensions/work/lua/lua-language-server-3.13.8/meta/Lua%205.4%20en-us%20utf8/io.lua
[18:26:05.735][info] [#0:script/workspace/loading.lua:112]: ++++As library of:	file:///home/astro/.local/share/zed/extensions/work/lua/lua-language-server-3.13.8/meta/Lua%205.4%20en-us%20utf8/io.lua
[18:26:05.736][info] [#0:script/workspace/loading.lua:100]: Preload file at: file:///home/astro/.local/share/zed/extensions/work/lua/lua-language-server-3.13.8/meta/Lua%205.4%20en-us%20utf8/coroutine.lua , size = 2.590 KB
[18:26:05.737][info] [#0:script/workspace/loading.lua:112]: ++++As library of:	file:///home/astro/.local/share/zed/extensions/work/lua/lua-language-server-3.13.8/meta/Lua%205.4%20en-us%20utf8/coroutine.lua
[18:26:05.737][info] [#0:script/workspace/loading.lua:88]: Skip loaded file: file:///home/astro/.local/share/zed/extensions/work/lua/lua-language-server-3.13.8/meta/Lua%205.4%20en-us%20utf8/coroutine.lua
[18:26:05.737][info] [#0:script/workspace/loading.lua:112]: ++++As library of:	file:///home/astro/.local/share/zed/extensions/work/lua/lua-language-server-3.13.8/meta/Lua%205.4%20en-us%20utf8/coroutine.lua
[18:26:05.737][info] [#0:script/workspace/loading.lua:100]: Preload file at: file:///home/astro/.local/share/zed/extensions/work/lua/lua-language-server-3.13.8/meta/Lua%205.4%20en-us%20utf8/os.lua , size = 5.611 KB
[18:26:05.739][info] [#0:script/workspace/loading.lua:112]: ++++As library of:	file:///home/astro/.local/share/zed/extensions/work/lua/lua-language-server-3.13.8/meta/Lua%205.4%20en-us%20utf8/os.lua
[18:26:05.739][info] [#0:script/workspace/loading.lua:88]: Skip loaded file: file:///home/astro/.local/share/zed/extensions/work/lua/lua-language-server-3.13.8/meta/Lua%205.4%20en-us%20utf8/os.lua
[18:26:05.739][info] [#0:script/workspace/loading.lua:112]: ++++As library of:	file:///home/astro/.local/share/zed/extensions/work/lua/lua-language-server-3.13.8/meta/Lua%205.4%20en-us%20utf8/os.lua
[18:26:05.740][info] [#0:script/workspace/loading.lua:100]: Preload file at: file:///home/astro/.local/share/zed/extensions/work/lua/lua-language-server-3.13.8/meta/Lua%205.4%20en-us%20utf8/math.lua , size = 8.542 KB
[18:26:05.745][info] [#0:script/workspace/loading.lua:112]: ++++As library of:	file:///home/astro/.local/share/zed/extensions/work/lua/lua-language-server-3.13.8/meta/Lua%205.4%20en-us%20utf8/math.lua
[18:26:05.745][info] [#0:script/workspace/loading.lua:97]: Skip loaded file: file:///home/astro/.local/share/zed/extensions/work/lua/lua-language-server-3.13.8/meta/Lua%205.4%20en-us%20utf8/math.lua
[18:26:05.745][info] [#0:script/workspace/loading.lua:172]: Loaded files takes [0.033] sec: <fallback>
[18:26:05.745][info] [#0:script/workspace/loading.lua:181]: Compile files takes [0.000] sec: <fallback>
[18:26:05.745][info] [#0:script/workspace/loading.lua:182]: Loaded finish:	<fallback>
[18:26:05.745][info] [#0:script/workspace/workspace.lua:381]: Preload finish at:	<fallback>
[18:26:05.747][info] [#0:script/workspace/loading.lua:172]: Loaded files takes [0.035] sec: file:///home/astro/.wezterm.lua/
[18:26:05.747][info] [#0:script/workspace/loading.lua:181]: Compile files takes [0.000] sec: file:///home/astro/.wezterm.lua/
[18:26:05.747][info] [#0:script/workspace/loading.lua:182]: Loaded finish:	file:///home/astro/.wezterm.lua/
[18:26:05.747][info] [#0:script/workspace/workspace.lua:381]: Preload finish at:	file:///home/astro/.wezterm.lua/
[18:26:05.748][info] [#0:script/provider/diagnostic.lua:560]: Diagnostics scope [file:///home/astro/.wezterm.lua/], files count:[11]
[18:26:05.749][info] [#0:script/provider/diagnostic.lua:577]: Diagnostics scope [file:///home/astro/.wezterm.lua/] finished, takes [0.000] sec.
