[18:35:56.884][info] [#0:/home/astro/.local/share/zed/extensions/work/lua/lua-language-server-3.13.8/main.lua:68]: Lua Lsp startup, root: 	/home/astro/.local/share/zed/extensions/work/lua/lua-language-server-3.13.8
[18:35:56.884][info] [#0:/home/astro/.local/share/zed/extensions/work/lua/lua-language-server-3.13.8/main.lua:69]: ROOT:	/home/astro/.local/share/zed/extensions/work/lua/lua-language-server-3.13.8
[18:35:56.884][info] [#0:/home/astro/.local/share/zed/extensions/work/lua/lua-language-server-3.13.8/main.lua:70]: LOGPATH:	/home/astro/.local/share/zed/extensions/work/lua/lua-language-server-3.13.8/log
[18:35:56.884][info] [#0:/home/astro/.local/share/zed/extensions/work/lua/lua-language-server-3.13.8/main.lua:71]: METAPATH:	/home/astro/.local/share/zed/extensions/work/lua/lua-language-server-3.13.8/meta
[18:35:56.884][info] [#0:/home/astro/.local/share/zed/extensions/work/lua/lua-language-server-3.13.8/main.lua:72]: VERSION:	3.13.8
[18:35:56.902][info] [#0:script/proto/proto.lua:260]: Listen Mode: stdio
[18:35:56.902][info] [#0:script/service/service.lua:145]: 
========= Medical Examination Report =========
    --------------- Memory ---------------
        Total: 2.258 MB
        # 00 : 2.258 MB
        # 01 : 0.000 MB
        # 02 : 0.000 MB
        # 03 : 0.000 MB
        # 04 : 0.000 MB
    --------------- Coroutine ---------------
        Total:     0
        Running:   0
        Suspended: 0
        Normal:    0
        Dead:      0
    --------------- Cache ---------------
        Total: 1
        Dead:  0
    ---------------  RPC  ---------------
        Holdon:   0
        Waiting:  0
==============================================
[18:35:57.005][info] [#0:script/client.lua:657]: Client init	{
  capabilities = {
    experimental = {
      localDocs = true,
      serverStatusNotification = true
    },
    general = {
      positionEncodings = { "utf-16" }
    },
    textDocument = {
      codeAction = {
        codeActionLiteralSupport = {
          codeActionKind = {
            valueSet = { "refactor", "quickfix", "source" }
          }
        },
        dataSupport = true,
        resolveSupport = {
          properties = { "kind", "diagnostics", "isPreferred", "disabled", "edit", "command" }
        }
      },
      completion = {
        completionItem = {
          insertReplaceSupport = true,
          labelDetailsSupport = true,
          resolveSupport = {
            properties = { "additionalTextEdits", "command", "documentation" }
          },
          snippetSupport = true
        },
        completionList = {
          itemDefaults = { "commitCharacters", "editRange", "insertTextMode", "insertTextFormat", "data" }
        },
        contextSupport = true
      },
      definition = {
        linkSupport = true
      },
      formatting = {
        dynamicRegistration = true
      },
      hover = {
        contentFormat = { "markdown" }
      },
      inlayHint = {
        dynamicRegistration = false,
        resolveSupport = {
          properties = { "textEdits", "tooltip", "label.tooltip", "label.location", "label.command" }
        }
      },
      onTypeFormatting = {
        dynamicRegistration = true
      },
      publishDiagnostics = {
        relatedInformation = true
      },
      rangeFormatting = {
        dynamicRegistration = true
      },
      rename = {
        prepareSupport = true,
        prepareSupportDefaultBehavior = 1
      },
      signatureHelp = {
        signatureInformation = {
          activeParameterSupport = true,
          documentationFormat = { "markdown", "plaintext" },
          parameterInformation = {
            labelOffsetSupport = true
          }
        }
      },
      synchronization = {
        didSave = true
      }
    },
    window = {
      showMessage = {},
      workDoneProgress = true
    },
    workspace = {
      applyEdit = true,
      configuration = true,
      diagnostic = {},
      didChangeConfiguration = {
        dynamicRegistration = true
      },
      didChangeWatchedFiles = {
        dynamicRegistration = true,
        relativePatternSupport = true
      },
      fileOperations = {
        didRename = true,
        dynamicRegistration = false,
        willRename = true
      },
      inlayHint = {
        refreshSupport = true
      },
      symbol = {},
      workspaceEdit = {
        documentChanges = true,
        resourceOperations = { "create", "rename", "delete" },
        snippetEditSupport = true
      },
      workspaceFolders = true
    }
  },
  clientInfo = {
    name = "Zed",
    version = "0.176.3"
  },
  rootUri = "file:///home/astro/.config/matugen",
  workspaceFolders = { {
      name = "",
      uri = "file:///home/astro/.config/matugen/"
    } }
}
[18:35:57.005][info] [#0:script/language.lua:137]: VSC language: nil
[18:35:57.005][info] [#0:script/language.lua:138]: LS  language: en-us
[18:35:57.005][info] [#0:script/workspace/workspace.lua:38]: Workspace init root: 	file:///home/astro/.config/matugen
[18:35:57.005][info] [#0:script/workspace/workspace.lua:42]: Log path: 	/home/astro/.local/share/zed/extensions/work/lua/lua-language-server-3.13.8/log/file_home_astro_.config_matugen.log
