[02:57:09.983][info] [#0:/home/astro/.local/share/zed/extensions/work/lua/lua-language-server-3.13.6/main.lua:68]: Lua Lsp startup, root: 	/home/astro/.local/share/zed/extensions/work/lua/lua-language-server-3.13.6
[02:57:09.984][info] [#0:/home/astro/.local/share/zed/extensions/work/lua/lua-language-server-3.13.6/main.lua:69]: ROOT:	/home/astro/.local/share/zed/extensions/work/lua/lua-language-server-3.13.6
[02:57:09.984][info] [#0:/home/astro/.local/share/zed/extensions/work/lua/lua-language-server-3.13.6/main.lua:70]: LOGPATH:	/home/astro/.local/share/zed/extensions/work/lua/lua-language-server-3.13.6/log
[02:57:09.984][info] [#0:/home/astro/.local/share/zed/extensions/work/lua/lua-language-server-3.13.6/main.lua:71]: METAPATH:	/home/astro/.local/share/zed/extensions/work/lua/lua-language-server-3.13.6/meta
[02:57:09.984][info] [#0:/home/astro/.local/share/zed/extensions/work/lua/lua-language-server-3.13.6/main.lua:72]: VERSION:	3.13.6
[02:57:10.011][info] [#0:script/proto/proto.lua:260]: Listen Mode: stdio
[02:57:10.011][info] [#0:script/service/service.lua:145]: 
========= Medical Examination Report =========
    --------------- Memory ---------------
        Total: 2.258 MB
        # 00 : 2.258 MB
        # 01 : 0.000 MB
        # 02 : 0.000 MB
        # 03 : 0.000 MB
        # 04 : 0.000 MB
    --------------- Coroutine ---------------
        Total:     0
        Running:   0
        Suspended: 0
        Normal:    0
        Dead:      0
    --------------- Cache ---------------
        Total: 1
        Dead:  0
    ---------------  RPC  ---------------
        Holdon:   0
        Waiting:  0
==============================================
[02:57:10.116][info] [#0:script/client.lua:657]: Client init	{
  capabilities = {
    experimental = {
      localDocs = true,
      serverStatusNotification = true
    },
    general = {
      positionEncodings = { "utf-16" }
    },
    textDocument = {
      codeAction = {
        codeActionLiteralSupport = {
          codeActionKind = {
            valueSet = { "refactor", "quickfix", "source" }
          }
        },
        dataSupport = true,
        resolveSupport = {
          properties = { "kind", "diagnostics", "isPreferred", "disabled", "edit", "command" }
        }
      },
      completion = {
        completionItem = {
          insertReplaceSupport = true,
          labelDetailsSupport = true,
          resolveSupport = {
            properties = { "additionalTextEdits", "command", "documentation" }
          },
          snippetSupport = true
        },
        completionList = {
          itemDefaults = { "commitCharacters", "editRange", "insertTextMode", "insertTextFormat", "data" }
        },
        contextSupport = true
      },
      definition = {
        linkSupport = true
      },
      formatting = {
        dynamicRegistration = true
      },
      hover = {
        contentFormat = { "markdown" }
      },
      inlayHint = {
        dynamicRegistration = false,
        resolveSupport = {
          properties = { "textEdits", "tooltip", "label.tooltip", "label.location", "label.command" }
        }
      },
      onTypeFormatting = {
        dynamicRegistration = true
      },
      publishDiagnostics = {
        relatedInformation = true
      },
      rangeFormatting = {
        dynamicRegistration = true
      },
      rename = {
        prepareSupport = true,
        prepareSupportDefaultBehavior = 1
      },
      signatureHelp = {
        signatureInformation = {
          activeParameterSupport = true,
          documentationFormat = { "markdown", "plaintext" },
          parameterInformation = {
            labelOffsetSupport = true
          }
        }
      },
      synchronization = {
        didSave = true
      }
    },
    window = {
      showMessage = {},
      workDoneProgress = true
    },
    workspace = {
      applyEdit = true,
      configuration = true,
      diagnostic = {},
      didChangeConfiguration = {
        dynamicRegistration = true
      },
      didChangeWatchedFiles = {
        dynamicRegistration = true,
        relativePatternSupport = true
      },
      fileOperations = {
        didRename = true,
        dynamicRegistration = false,
        willRename = true
      },
      inlayHint = {
        refreshSupport = true
      },
      symbol = {},
      workspaceEdit = {
        documentChanges = true,
        resourceOperations = { "create", "rename", "delete" },
        snippetEditSupport = true
      },
      workspaceFolders = true
    }
  },
  clientInfo = {
    name = "Zed",
    version = "0.174.6"
  },
  rootUri = "file:///home/astro/.config/matugen",
  workspaceFolders = { {
      name = "",
      uri = "file:///home/astro/.config/matugen"
    } }
}
[02:57:10.117][info] [#0:script/language.lua:137]: VSC language: nil
[02:57:10.117][info] [#0:script/language.lua:138]: LS  language: en-us
[02:57:10.117][info] [#0:script/workspace/workspace.lua:38]: Workspace init root: 	file:///home/astro/.config/matugen
[02:57:10.117][info] [#0:script/workspace/workspace.lua:42]: Log path: 	/home/astro/.local/share/zed/extensions/work/lua/lua-language-server-3.13.6/log/file_home_astro_.config_matugen.log
[02:57:10.117][info] [#0:script/workspace/workspace.lua:48]: Workspace create: 	file:///home/astro/.config/matugen
[02:57:10.419][warn] [#0:script/config/loader.lua:116]: No config?	{}
[02:57:10.419][warn] [#0:script/config/loader.lua:116]: No config?	{}
[02:57:10.520][warn] [#0:script/config/loader.lua:116]: No config?	{}
[02:57:10.520][info] [#0:script/provider/provider.lua:65]: Load config from client	fallback
[02:57:10.520][info] [#0:script/provider/provider.lua:66]: nil
[02:57:10.520][warn] [#0:script/config/loader.lua:116]: No config?	{}
[02:57:10.520][info] [#0:script/provider/provider.lua:65]: Load config from client	fallback
[02:57:10.520][info] [#0:script/provider/provider.lua:66]: nil
[02:57:10.729][info] [#0:script/library.lua:212]: Init builtin library at:	file:///home/astro/.config/matugen
[02:57:10.742][info] [#0:script/library.lua:212]: Init builtin library at:	nil
[02:57:10.848][info] [#0:script/workspace/workspace.lua:324]: Preload start:	file:///home/astro/.config/matugen
[02:57:10.849][info] [#0:script/workspace/workspace.lua:330]: Scan files at:	file:///home/astro/.config/matugen
[02:57:10.849][info] [#0:script/workspace/workspace.lua:324]: Preload start:	<fallback>
[02:57:10.852][info] [#0:script/workspace/workspace.lua:353]: Scan library at:	file:///home/astro/.local/share/zed/extensions/work/lua/lua-language-server-3.13.6/meta/Lua%205.4%20en-us%20utf8/builtin.lua
[02:57:10.852][info] [#0:script/workspace/workspace.lua:353]: Scan library at:	file:///home/astro/.local/share/zed/extensions/work/lua/lua-language-server-3.13.6/meta/Lua%205.4%20en-us%20utf8/table.lua
[02:57:10.853][info] [#0:script/workspace/workspace.lua:353]: Scan library at:	file:///home/astro/.local/share/zed/extensions/work/lua/lua-language-server-3.13.6/meta/Lua%205.4%20en-us%20utf8/debug.lua
[02:57:10.853][info] [#0:script/workspace/workspace.lua:353]: Scan library at:	file:///home/astro/.local/share/zed/extensions/work/lua/lua-language-server-3.13.6/meta/Lua%205.4%20en-us%20utf8/package.lua
[02:57:10.853][info] [#0:script/workspace/workspace.lua:353]: Scan library at:	file:///home/astro/.local/share/zed/extensions/work/lua/lua-language-server-3.13.6/meta/Lua%205.4%20en-us%20utf8/os.lua
[02:57:10.853][info] [#0:script/workspace/workspace.lua:353]: Scan library at:	file:///home/astro/.local/share/zed/extensions/work/lua/lua-language-server-3.13.6/meta/Lua%205.4%20en-us%20utf8/io.lua
[02:57:10.853][info] [#0:script/workspace/workspace.lua:353]: Scan library at:	file:///home/astro/.local/share/zed/extensions/work/lua/lua-language-server-3.13.6/meta/Lua%205.4%20en-us%20utf8/basic.lua
[02:57:10.854][info] [#0:script/workspace/workspace.lua:353]: Scan library at:	file:///home/astro/.local/share/zed/extensions/work/lua/lua-language-server-3.13.6/meta/Lua%205.4%20en-us%20utf8/math.lua
[02:57:10.854][info] [#0:script/workspace/workspace.lua:353]: Scan library at:	file:///home/astro/.local/share/zed/extensions/work/lua/lua-language-server-3.13.6/meta/Lua%205.4%20en-us%20utf8/string.lua
[02:57:10.854][info] [#0:script/workspace/workspace.lua:353]: Scan library at:	file:///home/astro/.local/share/zed/extensions/work/lua/lua-language-server-3.13.6/meta/Lua%205.4%20en-us%20utf8/utf8.lua
[02:57:10.854][info] [#0:script/workspace/workspace.lua:353]: Scan library at:	file:///home/astro/.local/share/zed/extensions/work/lua/lua-language-server-3.13.6/meta/Lua%205.4%20en-us%20utf8/coroutine.lua
[02:57:10.855][info] [#0:script/workspace/workspace.lua:353]: Scan library at:	file:///home/astro/.local/share/zed/extensions/work/lua/lua-language-server-3.13.6/meta/Lua%205.4%20en-us%20utf8/builtin.lua
[02:57:10.855][info] [#0:script/workspace/workspace.lua:353]: Scan library at:	file:///home/astro/.local/share/zed/extensions/work/lua/lua-language-server-3.13.6/meta/Lua%205.4%20en-us%20utf8/table.lua
[02:57:10.855][info] [#0:script/workspace/workspace.lua:353]: Scan library at:	file:///home/astro/.local/share/zed/extensions/work/lua/lua-language-server-3.13.6/meta/Lua%205.4%20en-us%20utf8/debug.lua
[02:57:10.855][info] [#0:script/workspace/workspace.lua:353]: Scan library at:	file:///home/astro/.local/share/zed/extensions/work/lua/lua-language-server-3.13.6/meta/Lua%205.4%20en-us%20utf8/package.lua
[02:57:10.855][info] [#0:script/workspace/workspace.lua:353]: Scan library at:	file:///home/astro/.local/share/zed/extensions/work/lua/lua-language-server-3.13.6/meta/Lua%205.4%20en-us%20utf8/os.lua
[02:57:10.855][info] [#0:script/workspace/workspace.lua:353]: Scan library at:	file:///home/astro/.local/share/zed/extensions/work/lua/lua-language-server-3.13.6/meta/Lua%205.4%20en-us%20utf8/io.lua
[02:57:10.856][info] [#0:script/workspace/workspace.lua:353]: Scan library at:	file:///home/astro/.local/share/zed/extensions/work/lua/lua-language-server-3.13.6/meta/Lua%205.4%20en-us%20utf8/basic.lua
[02:57:10.856][info] [#0:script/workspace/workspace.lua:353]: Scan library at:	file:///home/astro/.local/share/zed/extensions/work/lua/lua-language-server-3.13.6/meta/Lua%205.4%20en-us%20utf8/math.lua
[02:57:10.856][info] [#0:script/workspace/workspace.lua:353]: Scan library at:	file:///home/astro/.local/share/zed/extensions/work/lua/lua-language-server-3.13.6/meta/Lua%205.4%20en-us%20utf8/string.lua
[02:57:10.856][info] [#0:script/workspace/workspace.lua:353]: Scan library at:	file:///home/astro/.local/share/zed/extensions/work/lua/lua-language-server-3.13.6/meta/Lua%205.4%20en-us%20utf8/utf8.lua
[02:57:10.856][info] [#0:script/workspace/workspace.lua:353]: Scan library at:	file:///home/astro/.local/share/zed/extensions/work/lua/lua-language-server-3.13.6/meta/Lua%205.4%20en-us%20utf8/coroutine.lua
[02:57:10.956][info] [#0:script/workspace/workspace.lua:379]: Found 11 files at:	<fallback>
[02:57:10.956][info] [#0:script/workspace/loading.lua:160]: Load files from disk:	<fallback>
[02:57:10.956][info] [#0:script/workspace/workspace.lua:379]: Found 12 files at:	file:///home/astro/.config/matugen
[02:57:10.956][info] [#0:script/workspace/loading.lua:160]: Load files from disk:	file:///home/astro/.config/matugen
[02:57:10.957][info] [#0:script/workspace/loading.lua:100]: Preload file at: file:///home/astro/.local/share/zed/extensions/work/lua/lua-language-server-3.13.6/meta/Lua%205.4%20en-us%20utf8/coroutine.lua , size = 2.590 KB
[02:57:10.959][info] [#0:script/workspace/loading.lua:112]: ++++As library of:	file:///home/astro/.local/share/zed/extensions/work/lua/lua-language-server-3.13.6/meta/Lua%205.4%20en-us%20utf8/coroutine.lua
[02:57:10.959][info] [#0:script/workspace/loading.lua:97]: Skip loaded file: file:///home/astro/.local/share/zed/extensions/work/lua/lua-language-server-3.13.6/meta/Lua%205.4%20en-us%20utf8/coroutine.lua
[02:57:10.959][info] [#0:script/workspace/loading.lua:100]: Preload file at: file:///home/astro/.local/share/zed/extensions/work/lua/lua-language-server-3.13.6/meta/Lua%205.4%20en-us%20utf8/utf8.lua , size = 2.386 KB
[02:57:10.960][info] [#0:script/workspace/loading.lua:112]: ++++As library of:	file:///home/astro/.local/share/zed/extensions/work/lua/lua-language-server-3.13.6/meta/Lua%205.4%20en-us%20utf8/utf8.lua
[02:57:10.960][info] [#0:script/workspace/loading.lua:97]: Skip loaded file: file:///home/astro/.local/share/zed/extensions/work/lua/lua-language-server-3.13.6/meta/Lua%205.4%20en-us%20utf8/utf8.lua
[02:57:10.960][info] [#0:script/workspace/loading.lua:100]: Preload file at: file:///home/astro/.local/share/zed/extensions/work/lua/lua-language-server-3.13.6/meta/Lua%205.4%20en-us%20utf8/string.lua , size = 6.327 KB
[02:57:10.963][info] [#0:script/workspace/loading.lua:112]: ++++As library of:	file:///home/astro/.local/share/zed/extensions/work/lua/lua-language-server-3.13.6/meta/Lua%205.4%20en-us%20utf8/string.lua
[02:57:10.963][info] [#0:script/workspace/loading.lua:97]: Skip loaded file: file:///home/astro/.local/share/zed/extensions/work/lua/lua-language-server-3.13.6/meta/Lua%205.4%20en-us%20utf8/string.lua
[02:57:10.964][info] [#0:script/workspace/loading.lua:100]: Preload file at: file:///home/astro/.local/share/zed/extensions/work/lua/lua-language-server-3.13.6/meta/Lua%205.4%20en-us%20utf8/math.lua , size = 8.509 KB
[02:57:10.967][info] [#0:script/workspace/loading.lua:112]: ++++As library of:	file:///home/astro/.local/share/zed/extensions/work/lua/lua-language-server-3.13.6/meta/Lua%205.4%20en-us%20utf8/math.lua
[02:57:10.968][info] [#0:script/workspace/loading.lua:97]: Skip loaded file: file:///home/astro/.local/share/zed/extensions/work/lua/lua-language-server-3.13.6/meta/Lua%205.4%20en-us%20utf8/math.lua
[02:57:10.968][info] [#0:script/workspace/loading.lua:100]: Preload file at: file:///home/astro/.local/share/zed/extensions/work/lua/lua-language-server-3.13.6/meta/Lua%205.4%20en-us%20utf8/basic.lua , size = 15.841 KB
[02:57:10.974][info] [#0:script/workspace/loading.lua:112]: ++++As library of:	file:///home/astro/.local/share/zed/extensions/work/lua/lua-language-server-3.13.6/meta/Lua%205.4%20en-us%20utf8/basic.lua
[02:57:10.974][info] [#0:script/workspace/loading.lua:97]: Skip loaded file: file:///home/astro/.local/share/zed/extensions/work/lua/lua-language-server-3.13.6/meta/Lua%205.4%20en-us%20utf8/basic.lua
[02:57:10.974][info] [#0:script/workspace/loading.lua:100]: Preload file at: file:///home/astro/.local/share/zed/extensions/work/lua/lua-language-server-3.13.6/meta/Lua%205.4%20en-us%20utf8/io.lua , size = 6.364 KB
[02:57:10.976][info] [#0:script/workspace/loading.lua:112]: ++++As library of:	file:///home/astro/.local/share/zed/extensions/work/lua/lua-language-server-3.13.6/meta/Lua%205.4%20en-us%20utf8/io.lua
[02:57:10.976][info] [#0:script/workspace/loading.lua:97]: Skip loaded file: file:///home/astro/.local/share/zed/extensions/work/lua/lua-language-server-3.13.6/meta/Lua%205.4%20en-us%20utf8/io.lua
[02:57:10.976][info] [#0:script/workspace/loading.lua:100]: Preload file at: file:///home/astro/.local/share/zed/extensions/work/lua/lua-language-server-3.13.6/meta/Lua%205.4%20en-us%20utf8/os.lua , size = 5.600 KB
[02:57:10.978][info] [#0:script/workspace/loading.lua:112]: ++++As library of:	file:///home/astro/.local/share/zed/extensions/work/lua/lua-language-server-3.13.6/meta/Lua%205.4%20en-us%20utf8/os.lua
[02:57:10.978][info] [#0:script/workspace/loading.lua:88]: Skip loaded file: file:///home/astro/.local/share/zed/extensions/work/lua/lua-language-server-3.13.6/meta/Lua%205.4%20en-us%20utf8/os.lua
[02:57:10.978][info] [#0:script/workspace/loading.lua:112]: ++++As library of:	file:///home/astro/.local/share/zed/extensions/work/lua/lua-language-server-3.13.6/meta/Lua%205.4%20en-us%20utf8/os.lua
[02:57:10.978][info] [#0:script/workspace/loading.lua:100]: Preload file at: file:///home/astro/.local/share/zed/extensions/work/lua/lua-language-server-3.13.6/meta/Lua%205.4%20en-us%20utf8/package.lua , size = 2.944 KB
[02:57:10.980][info] [#0:script/workspace/loading.lua:112]: ++++As library of:	file:///home/astro/.local/share/zed/extensions/work/lua/lua-language-server-3.13.6/meta/Lua%205.4%20en-us%20utf8/package.lua
[02:57:10.980][info] [#0:script/workspace/loading.lua:88]: Skip loaded file: file:///home/astro/.local/share/zed/extensions/work/lua/lua-language-server-3.13.6/meta/Lua%205.4%20en-us%20utf8/package.lua
[02:57:10.980][info] [#0:script/workspace/loading.lua:112]: ++++As library of:	file:///home/astro/.local/share/zed/extensions/work/lua/lua-language-server-3.13.6/meta/Lua%205.4%20en-us%20utf8/package.lua
[02:57:10.980][info] [#0:script/workspace/loading.lua:100]: Preload file at: file:///home/astro/.local/share/zed/extensions/work/lua/lua-language-server-3.13.6/meta/Lua%205.4%20en-us%20utf8/debug.lua , size = 7.637 KB
[02:57:10.984][info] [#0:script/workspace/loading.lua:112]: ++++As library of:	file:///home/astro/.local/share/zed/extensions/work/lua/lua-language-server-3.13.6/meta/Lua%205.4%20en-us%20utf8/debug.lua
[02:57:10.984][info] [#0:script/workspace/loading.lua:88]: Skip loaded file: file:///home/astro/.local/share/zed/extensions/work/lua/lua-language-server-3.13.6/meta/Lua%205.4%20en-us%20utf8/debug.lua
[02:57:10.984][info] [#0:script/workspace/loading.lua:112]: ++++As library of:	file:///home/astro/.local/share/zed/extensions/work/lua/lua-language-server-3.13.6/meta/Lua%205.4%20en-us%20utf8/debug.lua
[02:57:10.984][info] [#0:script/workspace/loading.lua:100]: Preload file at: file:///home/astro/.local/share/zed/extensions/work/lua/lua-language-server-3.13.6/meta/Lua%205.4%20en-us%20utf8/table.lua , size = 4.445 KB
[02:57:10.986][info] [#0:script/workspace/loading.lua:112]: ++++As library of:	file:///home/astro/.local/share/zed/extensions/work/lua/lua-language-server-3.13.6/meta/Lua%205.4%20en-us%20utf8/table.lua
[02:57:10.986][info] [#0:script/workspace/loading.lua:88]: Skip loaded file: file:///home/astro/.local/share/zed/extensions/work/lua/lua-language-server-3.13.6/meta/Lua%205.4%20en-us%20utf8/table.lua
[02:57:10.986][info] [#0:script/workspace/loading.lua:112]: ++++As library of:	file:///home/astro/.local/share/zed/extensions/work/lua/lua-language-server-3.13.6/meta/Lua%205.4%20en-us%20utf8/table.lua
[02:57:10.987][info] [#0:script/workspace/loading.lua:100]: Preload file at: file:///home/astro/.local/share/zed/extensions/work/lua/lua-language-server-3.13.6/meta/Lua%205.4%20en-us%20utf8/builtin.lua , size = 0.302 KB
[02:57:10.987][info] [#0:script/workspace/loading.lua:112]: ++++As library of:	file:///home/astro/.local/share/zed/extensions/work/lua/lua-language-server-3.13.6/meta/Lua%205.4%20en-us%20utf8/builtin.lua
[02:57:10.987][info] [#0:script/workspace/loading.lua:88]: Skip loaded file: file:///home/astro/.local/share/zed/extensions/work/lua/lua-language-server-3.13.6/meta/Lua%205.4%20en-us%20utf8/builtin.lua
[02:57:10.987][info] [#0:script/workspace/loading.lua:112]: ++++As library of:	file:///home/astro/.local/share/zed/extensions/work/lua/lua-language-server-3.13.6/meta/Lua%205.4%20en-us%20utf8/builtin.lua
[02:57:10.987][info] [#0:script/workspace/loading.lua:172]: Loaded files takes [0.032] sec: <fallback>
[02:57:10.987][info] [#0:script/workspace/loading.lua:181]: Compile files takes [0.000] sec: <fallback>
[02:57:10.987][info] [#0:script/workspace/loading.lua:182]: Loaded finish:	<fallback>
[02:57:10.987][info] [#0:script/workspace/workspace.lua:381]: Preload finish at:	<fallback>
[02:57:10.989][info] [#0:script/workspace/loading.lua:88]: Skip loaded file: file:///home/astro/.config/matugen/templates/wezterm.lua
[02:57:10.989][info] [#0:script/workspace/loading.lua:172]: Loaded files takes [0.033] sec: file:///home/astro/.config/matugen
[02:57:10.989][info] [#0:script/workspace/loading.lua:181]: Compile files takes [0.000] sec: file:///home/astro/.config/matugen
[02:57:10.989][info] [#0:script/workspace/loading.lua:182]: Loaded finish:	file:///home/astro/.config/matugen
[02:57:10.989][info] [#0:script/workspace/workspace.lua:381]: Preload finish at:	file:///home/astro/.config/matugen
[02:57:10.991][info] [#0:script/provider/diagnostic.lua:560]: Diagnostics scope [file:///home/astro/.config/matugen], files count:[12]
[02:57:11.018][info] [#0:script/provider/diagnostic.lua:577]: Diagnostics scope [file:///home/astro/.config/matugen] finished, takes [0.010] sec.
