[04:16:41.314][info] [#0:/home/astro/.local/share/zed/extensions/work/lua/lua-language-server-3.13.6/main.lua:68]: Lua Lsp startup, root: 	/home/astro/.local/share/zed/extensions/work/lua/lua-language-server-3.13.6
[04:16:41.314][info] [#0:/home/astro/.local/share/zed/extensions/work/lua/lua-language-server-3.13.6/main.lua:68]: Lua Lsp startup, root: 	/home/astro/.local/share/zed/extensions/work/lua/lua-language-server-3.13.6
[04:16:41.315][info] [#0:/home/astro/.local/share/zed/extensions/work/lua/lua-language-server-3.13.6/main.lua:69]: ROOT:	/home/astro/.local/share/zed/extensions/work/lua/lua-language-server-3.13.6
[04:16:41.315][info] [#0:/home/astro/.local/share/zed/extensions/work/lua/lua-language-server-3.13.6/main.lua:69]: ROOT:	/home/astro/.local/share/zed/extensions/work/lua/lua-language-server-3.13.6
[04:16:41.315][info] [#0:/home/astro/.local/share/zed/extensions/work/lua/lua-language-server-3.13.6/main.lua:70]: LOGPATH:	/home/astro/.local/share/zed/extensions/work/lua/lua-language-server-3.13.6/log
[04:16:41.315][info] [#0:/home/astro/.local/share/zed/extensions/work/lua/lua-language-server-3.13.6/main.lua:70]: LOGPATH:	/home/astro/.local/share/zed/extensions/work/lua/lua-language-server-3.13.6/log
[04:16:41.315][info] [#0:/home/astro/.local/share/zed/extensions/work/lua/lua-language-server-3.13.6/main.lua:71]: METAPATH:	/home/astro/.local/share/zed/extensions/work/lua/lua-language-server-3.13.6/meta
[04:16:41.315][info] [#0:/home/astro/.local/share/zed/extensions/work/lua/lua-language-server-3.13.6/main.lua:71]: METAPATH:	/home/astro/.local/share/zed/extensions/work/lua/lua-language-server-3.13.6/meta
[04:16:41.315][info] [#0:/home/astro/.local/share/zed/extensions/work/lua/lua-language-server-3.13.6/main.lua:72]: VERSION:	3.13.6
[04:16:41.315][info] [#0:/home/astro/.local/share/zed/extensions/work/lua/lua-language-server-3.13.6/main.lua:72]: VERSION:	3.13.6
[04:16:41.345][info] [#0:script/proto/proto.lua:260]: Listen Mode: stdio
[04:16:41.345][info] [#0:script/service/service.lua:145]: 
========= Medical Examination Report =========
    --------------- Memory ---------------
        Total: 2.258 MB
        # 00 : 2.258 MB
        # 01 : 0.000 MB
        # 02 : 0.000 MB
        # 03 : 0.000 MB
        # 04 : 0.000 MB
    --------------- Coroutine ---------------
        Total:     0
        Running:   0
        Suspended: 0
        Normal:    0
        Dead:      0
    --------------- Cache ---------------
        Total: 1
        Dead:  0
    ---------------  RPC  ---------------
        Holdon:   0
        Waiting:  0
==============================================
[04:16:41.345][info] [#0:script/proto/proto.lua:260]: Listen Mode: stdio
[04:16:41.345][info] [#0:script/service/service.lua:145]: 
========= Medical Examination Report =========
    --------------- Memory ---------------
        Total: 2.258 MB
        # 00 : 2.258 MB
        # 01 : 0.000 MB
        # 02 : 0.000 MB
        # 03 : 0.000 MB
        # 04 : 0.000 MB
    --------------- Coroutine ---------------
        Total:     0
        Running:   0
        Suspended: 0
        Normal:    0
        Dead:      0
    --------------- Cache ---------------
        Total: 1
        Dead:  0
    ---------------  RPC  ---------------
        Holdon:   0
        Waiting:  0
==============================================
[04:16:41.451][info] [#0:script/client.lua:657]: Client init	{
  capabilities = {
    experimental = {
      localDocs = true,
      serverStatusNotification = true
    },
    general = {
      positionEncodings = { "utf-16" }
    },
    textDocument = {
      codeAction = {
        codeActionLiteralSupport = {
          codeActionKind = {
            valueSet = { "refactor", "quickfix", "source" }
          }
        },
        dataSupport = true,
        resolveSupport = {
          properties = { "kind", "diagnostics", "isPreferred", "disabled", "edit", "command" }
        }
      },
      completion = {
        completionItem = {
          insertReplaceSupport = true,
          labelDetailsSupport = true,
          resolveSupport = {
            properties = { "additionalTextEdits", "command", "documentation" }
          },
          snippetSupport = true
        },
        completionList = {
          itemDefaults = { "commitCharacters", "editRange", "insertTextMode", "insertTextFormat", "data" }
        },
        contextSupport = true
      },
      definition = {
        linkSupport = true
      },
      formatting = {
        dynamicRegistration = true
      },
      hover = {
        contentFormat = { "markdown" }
      },
      inlayHint = {
        dynamicRegistration = false,
        resolveSupport = {
          properties = { "textEdits", "tooltip", "label.tooltip", "label.location", "label.command" }
        }
      },
      onTypeFormatting = {
        dynamicRegistration = true
      },
      publishDiagnostics = {
        relatedInformation = true
      },
      rangeFormatting = {
        dynamicRegistration = true
      },
      rename = {
        prepareSupport = true
      },
      signatureHelp = {
        signatureInformation = {
          activeParameterSupport = true,
          documentationFormat = { "markdown", "plaintext" },
          parameterInformation = {
            labelOffsetSupport = true
          }
        }
      },
      synchronization = {
        didSave = true
      }
    },
    window = {
      showMessage = {},
      workDoneProgress = true
    },
    workspace = {
      applyEdit = true,
      configuration = true,
      diagnostic = {},
      didChangeConfiguration = {
        dynamicRegistration = true
      },
      didChangeWatchedFiles = {
        dynamicRegistration = true,
        relativePatternSupport = true
      },
      fileOperations = {
        didRename = true,
        dynamicRegistration = false,
        willRename = true
      },
      inlayHint = {
        refreshSupport = true
      },
      symbol = {},
      workspaceEdit = {
        documentChanges = true,
        resourceOperations = { "create", "rename", "delete" },
        snippetEditSupport = true
      },
      workspaceFolders = true
    }
  },
  clientInfo = {
    name = "Zed",
    version = "0.172.11"
  },
  rootUri = "file:///home/astro/.config/matugen",
  workspaceFolders = { {
      name = "",
      uri = "file:///home/astro/.config/matugen"
    } }
}
[04:16:41.451][info] [#0:script/client.lua:657]: Client init	{
  capabilities = {
    experimental = {
      localDocs = true,
      serverStatusNotification = true
    },
    general = {
      positionEncodings = { "utf-16" }
    },
    textDocument = {
      codeAction = {
        codeActionLiteralSupport = {
          codeActionKind = {
            valueSet = { "refactor", "quickfix", "source" }
          }
        },
        dataSupport = true,
        resolveSupport = {
          properties = { "kind", "diagnostics", "isPreferred", "disabled", "edit", "command" }
        }
      },
      completion = {
        completionItem = {
          insertReplaceSupport = true,
          labelDetailsSupport = true,
          resolveSupport = {
            properties = { "additionalTextEdits", "command", "documentation" }
          },
          snippetSupport = true
        },
        completionList = {
          itemDefaults = { "commitCharacters", "editRange", "insertTextMode", "insertTextFormat", "data" }
        },
        contextSupport = true
      },
      definition = {
        linkSupport = true
      },
      formatting = {
        dynamicRegistration = true
      },
      hover = {
        contentFormat = { "markdown" }
      },
      inlayHint = {
        dynamicRegistration = false,
        resolveSupport = {
          properties = { "textEdits", "tooltip", "label.tooltip", "label.location", "label.command" }
        }
      },
      onTypeFormatting = {
        dynamicRegistration = true
      },
      publishDiagnostics = {
        relatedInformation = true
      },
      rangeFormatting = {
        dynamicRegistration = true
      },
      rename = {
        prepareSupport = true
      },
      signatureHelp = {
        signatureInformation = {
          activeParameterSupport = true,
          documentationFormat = { "markdown", "plaintext" },
          parameterInformation = {
            labelOffsetSupport = true
          }
        }
      },
      synchronization = {
        didSave = true
      }
    },
    window = {
      showMessage = {},
      workDoneProgress = true
    },
    workspace = {
      applyEdit = true,
      configuration = true,
      diagnostic = {},
      didChangeConfiguration = {
        dynamicRegistration = true
      },
      didChangeWatchedFiles = {
        dynamicRegistration = true,
        relativePatternSupport = true
      },
      fileOperations = {
        didRename = true,
        dynamicRegistration = false,
        willRename = true
      },
      inlayHint = {
        refreshSupport = true
      },
      symbol = {},
      workspaceEdit = {
        documentChanges = true,
        resourceOperations = { "create", "rename", "delete" },
        snippetEditSupport = true
      },
      workspaceFolders = true
    }
  },
  clientInfo = {
    name = "Zed",
    version = "0.172.11"
  },
  rootUri = "file:///home/astro",
  workspaceFolders = { {
      name = "",
      uri = "file:///home/astro"
    } }
}
[04:16:41.451][info] [#0:script/language.lua:137]: VSC language: nil
[04:16:41.451][info] [#0:script/language.lua:137]: VSC language: nil
[04:16:41.451][info] [#0:script/language.lua:138]: LS  language: en-us
[04:16:41.451][info] [#0:script/language.lua:138]: LS  language: en-us
[04:16:41.451][info] [#0:script/workspace/workspace.lua:38]: Workspace init root: 	file:///home/astro
[04:16:41.451][info] [#0:script/workspace/workspace.lua:38]: Workspace init root: 	file:///home/astro/.config/matugen
[04:16:41.451][info] [#0:script/workspace/workspace.lua:42]: Log path: 	/home/astro/.local/share/zed/extensions/work/lua/lua-language-server-3.13.6/log/file_home_astro.log
[04:16:41.451][info] [#0:script/workspace/workspace.lua:42]: Log path: 	/home/astro/.local/share/zed/extensions/work/lua/lua-language-server-3.13.6/log/file_home_astro_.config_matugen.log
[04:16:41.451][info] [#0:script/workspace/workspace.lua:48]: Workspace create: 	file:///home/astro
[04:16:41.452][info] [#0:script/client.lua:112]: ShowMessage	Error	Your workspace is set to `/home/astro`. Lua language server refused to load this directory. Please check your configuration.[learn more here](https://luals.github.io/wiki/faq#why-is-the-server-scanning-the-wrong-folder)
[04:16:41.754][warn] [#0:script/config/loader.lua:116]: No config?	{}
[04:16:41.754][warn] [#0:script/config/loader.lua:116]: No config?	{}
[04:16:41.854][warn] [#0:script/config/loader.lua:116]: No config?	{}
[04:16:41.854][info] [#0:script/provider/provider.lua:65]: Load config from client	fallback
[04:16:41.854][info] [#0:script/provider/provider.lua:66]: nil
[04:16:41.854][warn] [#0:script/config/loader.lua:116]: No config?	{}
[04:16:41.854][info] [#0:script/provider/provider.lua:65]: Load config from client	fallback
[04:16:41.854][info] [#0:script/provider/provider.lua:66]: nil
[04:16:42.063][info] [#0:script/library.lua:212]: Init builtin library at:	file:///home/astro
[04:16:42.076][info] [#0:script/library.lua:212]: Init builtin library at:	nil
[04:16:42.182][info] [#0:script/workspace/workspace.lua:324]: Preload start:	file:///home/astro
[04:16:42.184][info] [#0:script/workspace/workspace.lua:353]: Scan library at:	file:///home/astro/.local/share/zed/extensions/work/lua/lua-language-server-3.13.6/meta/Lua%205.4%20en-us%20utf8/builtin.lua
[04:16:42.184][info] [#0:script/workspace/workspace.lua:324]: Preload start:	<fallback>
[04:16:42.187][info] [#0:script/workspace/workspace.lua:353]: Scan library at:	file:///home/astro/.local/share/zed/extensions/work/lua/lua-language-server-3.13.6/meta/Lua%205.4%20en-us%20utf8/builtin.lua
[04:16:42.187][info] [#0:script/workspace/workspace.lua:353]: Scan library at:	file:///home/astro/.local/share/zed/extensions/work/lua/lua-language-server-3.13.6/meta/Lua%205.4%20en-us%20utf8/table.lua
[04:16:42.187][info] [#0:script/workspace/workspace.lua:353]: Scan library at:	file:///home/astro/.local/share/zed/extensions/work/lua/lua-language-server-3.13.6/meta/Lua%205.4%20en-us%20utf8/table.lua
[04:16:42.188][info] [#0:script/workspace/workspace.lua:353]: Scan library at:	file:///home/astro/.local/share/zed/extensions/work/lua/lua-language-server-3.13.6/meta/Lua%205.4%20en-us%20utf8/debug.lua
[04:16:42.188][info] [#0:script/workspace/workspace.lua:353]: Scan library at:	file:///home/astro/.local/share/zed/extensions/work/lua/lua-language-server-3.13.6/meta/Lua%205.4%20en-us%20utf8/debug.lua
[04:16:42.188][info] [#0:script/workspace/workspace.lua:353]: Scan library at:	file:///home/astro/.local/share/zed/extensions/work/lua/lua-language-server-3.13.6/meta/Lua%205.4%20en-us%20utf8/package.lua
[04:16:42.188][info] [#0:script/workspace/workspace.lua:353]: Scan library at:	file:///home/astro/.local/share/zed/extensions/work/lua/lua-language-server-3.13.6/meta/Lua%205.4%20en-us%20utf8/package.lua
[04:16:42.188][info] [#0:script/workspace/workspace.lua:353]: Scan library at:	file:///home/astro/.local/share/zed/extensions/work/lua/lua-language-server-3.13.6/meta/Lua%205.4%20en-us%20utf8/os.lua
[04:16:42.188][info] [#0:script/workspace/workspace.lua:353]: Scan library at:	file:///home/astro/.local/share/zed/extensions/work/lua/lua-language-server-3.13.6/meta/Lua%205.4%20en-us%20utf8/os.lua
[04:16:42.188][info] [#0:script/workspace/workspace.lua:353]: Scan library at:	file:///home/astro/.local/share/zed/extensions/work/lua/lua-language-server-3.13.6/meta/Lua%205.4%20en-us%20utf8/io.lua
[04:16:42.188][info] [#0:script/workspace/workspace.lua:353]: Scan library at:	file:///home/astro/.local/share/zed/extensions/work/lua/lua-language-server-3.13.6/meta/Lua%205.4%20en-us%20utf8/io.lua
[04:16:42.188][info] [#0:script/workspace/workspace.lua:353]: Scan library at:	file:///home/astro/.local/share/zed/extensions/work/lua/lua-language-server-3.13.6/meta/Lua%205.4%20en-us%20utf8/basic.lua
[04:16:42.189][info] [#0:script/workspace/workspace.lua:353]: Scan library at:	file:///home/astro/.local/share/zed/extensions/work/lua/lua-language-server-3.13.6/meta/Lua%205.4%20en-us%20utf8/basic.lua
[04:16:42.189][info] [#0:script/workspace/workspace.lua:353]: Scan library at:	file:///home/astro/.local/share/zed/extensions/work/lua/lua-language-server-3.13.6/meta/Lua%205.4%20en-us%20utf8/math.lua
[04:16:42.189][info] [#0:script/workspace/workspace.lua:353]: Scan library at:	file:///home/astro/.local/share/zed/extensions/work/lua/lua-language-server-3.13.6/meta/Lua%205.4%20en-us%20utf8/math.lua
[04:16:42.189][info] [#0:script/workspace/workspace.lua:353]: Scan library at:	file:///home/astro/.local/share/zed/extensions/work/lua/lua-language-server-3.13.6/meta/Lua%205.4%20en-us%20utf8/string.lua
[04:16:42.189][info] [#0:script/workspace/workspace.lua:353]: Scan library at:	file:///home/astro/.local/share/zed/extensions/work/lua/lua-language-server-3.13.6/meta/Lua%205.4%20en-us%20utf8/string.lua
[04:16:42.189][info] [#0:script/workspace/workspace.lua:353]: Scan library at:	file:///home/astro/.local/share/zed/extensions/work/lua/lua-language-server-3.13.6/meta/Lua%205.4%20en-us%20utf8/utf8.lua
[04:16:42.189][info] [#0:script/workspace/workspace.lua:353]: Scan library at:	file:///home/astro/.local/share/zed/extensions/work/lua/lua-language-server-3.13.6/meta/Lua%205.4%20en-us%20utf8/utf8.lua
[04:16:42.190][info] [#0:script/workspace/workspace.lua:353]: Scan library at:	file:///home/astro/.local/share/zed/extensions/work/lua/lua-language-server-3.13.6/meta/Lua%205.4%20en-us%20utf8/coroutine.lua
[04:16:42.190][info] [#0:script/workspace/workspace.lua:353]: Scan library at:	file:///home/astro/.local/share/zed/extensions/work/lua/lua-language-server-3.13.6/meta/Lua%205.4%20en-us%20utf8/coroutine.lua
[04:16:42.290][info] [#0:script/workspace/workspace.lua:379]: Found 11 files at:	file:///home/astro
[04:16:42.290][info] [#0:script/workspace/loading.lua:160]: Load files from disk:	file:///home/astro
[04:16:42.290][info] [#0:script/workspace/workspace.lua:379]: Found 11 files at:	<fallback>
[04:16:42.290][info] [#0:script/workspace/loading.lua:160]: Load files from disk:	<fallback>
[04:16:42.291][info] [#0:script/workspace/loading.lua:100]: Preload file at: file:///home/astro/.local/share/zed/extensions/work/lua/lua-language-server-3.13.6/meta/Lua%205.4%20en-us%20utf8/coroutine.lua , size = 2.590 KB
[04:16:42.293][info] [#0:script/workspace/loading.lua:112]: ++++As library of:	file:///home/astro/.local/share/zed/extensions/work/lua/lua-language-server-3.13.6/meta/Lua%205.4%20en-us%20utf8/coroutine.lua
[04:16:42.293][info] [#0:script/workspace/loading.lua:100]: Preload file at: file:///home/astro/.local/share/zed/extensions/work/lua/lua-language-server-3.13.6/meta/Lua%205.4%20en-us%20utf8/utf8.lua , size = 2.386 KB
[04:16:42.294][info] [#0:script/workspace/loading.lua:112]: ++++As library of:	file:///home/astro/.local/share/zed/extensions/work/lua/lua-language-server-3.13.6/meta/Lua%205.4%20en-us%20utf8/utf8.lua
[04:16:42.294][info] [#0:script/workspace/loading.lua:97]: Skip loaded file: file:///home/astro/.local/share/zed/extensions/work/lua/lua-language-server-3.13.6/meta/Lua%205.4%20en-us%20utf8/coroutine.lua
[04:16:42.294][info] [#0:script/workspace/loading.lua:97]: Skip loaded file: file:///home/astro/.local/share/zed/extensions/work/lua/lua-language-server-3.13.6/meta/Lua%205.4%20en-us%20utf8/utf8.lua
[04:16:42.294][info] [#0:script/workspace/loading.lua:100]: Preload file at: file:///home/astro/.local/share/zed/extensions/work/lua/lua-language-server-3.13.6/meta/Lua%205.4%20en-us%20utf8/string.lua , size = 6.327 KB
[04:16:42.297][info] [#0:script/workspace/loading.lua:112]: ++++As library of:	file:///home/astro/.local/share/zed/extensions/work/lua/lua-language-server-3.13.6/meta/Lua%205.4%20en-us%20utf8/string.lua
[04:16:42.297][info] [#0:script/workspace/loading.lua:97]: Skip loaded file: file:///home/astro/.local/share/zed/extensions/work/lua/lua-language-server-3.13.6/meta/Lua%205.4%20en-us%20utf8/string.lua
[04:16:42.297][info] [#0:script/workspace/loading.lua:100]: Preload file at: file:///home/astro/.local/share/zed/extensions/work/lua/lua-language-server-3.13.6/meta/Lua%205.4%20en-us%20utf8/math.lua , size = 8.509 KB
[04:16:42.302][info] [#0:script/workspace/loading.lua:112]: ++++As library of:	file:///home/astro/.local/share/zed/extensions/work/lua/lua-language-server-3.13.6/meta/Lua%205.4%20en-us%20utf8/math.lua
[04:16:42.302][info] [#0:script/workspace/loading.lua:97]: Skip loaded file: file:///home/astro/.local/share/zed/extensions/work/lua/lua-language-server-3.13.6/meta/Lua%205.4%20en-us%20utf8/math.lua
[04:16:42.302][info] [#0:script/workspace/loading.lua:100]: Preload file at: file:///home/astro/.local/share/zed/extensions/work/lua/lua-language-server-3.13.6/meta/Lua%205.4%20en-us%20utf8/basic.lua , size = 15.841 KB
[04:16:42.309][info] [#0:script/workspace/loading.lua:112]: ++++As library of:	file:///home/astro/.local/share/zed/extensions/work/lua/lua-language-server-3.13.6/meta/Lua%205.4%20en-us%20utf8/basic.lua
[04:16:42.309][info] [#0:script/workspace/loading.lua:97]: Skip loaded file: file:///home/astro/.local/share/zed/extensions/work/lua/lua-language-server-3.13.6/meta/Lua%205.4%20en-us%20utf8/basic.lua
[04:16:42.309][info] [#0:script/workspace/loading.lua:100]: Preload file at: file:///home/astro/.local/share/zed/extensions/work/lua/lua-language-server-3.13.6/meta/Lua%205.4%20en-us%20utf8/io.lua , size = 6.364 KB
[04:16:42.311][info] [#0:script/workspace/loading.lua:112]: ++++As library of:	file:///home/astro/.local/share/zed/extensions/work/lua/lua-language-server-3.13.6/meta/Lua%205.4%20en-us%20utf8/io.lua
[04:16:42.311][info] [#0:script/workspace/loading.lua:97]: Skip loaded file: file:///home/astro/.local/share/zed/extensions/work/lua/lua-language-server-3.13.6/meta/Lua%205.4%20en-us%20utf8/io.lua
[04:16:42.311][info] [#0:script/workspace/loading.lua:100]: Preload file at: file:///home/astro/.local/share/zed/extensions/work/lua/lua-language-server-3.13.6/meta/Lua%205.4%20en-us%20utf8/os.lua , size = 5.600 KB
[04:16:42.313][info] [#0:script/workspace/loading.lua:112]: ++++As library of:	file:///home/astro/.local/share/zed/extensions/work/lua/lua-language-server-3.13.6/meta/Lua%205.4%20en-us%20utf8/os.lua
[04:16:42.313][info] [#0:script/workspace/loading.lua:88]: Skip loaded file: file:///home/astro/.local/share/zed/extensions/work/lua/lua-language-server-3.13.6/meta/Lua%205.4%20en-us%20utf8/os.lua
[04:16:42.313][info] [#0:script/workspace/loading.lua:112]: ++++As library of:	file:///home/astro/.local/share/zed/extensions/work/lua/lua-language-server-3.13.6/meta/Lua%205.4%20en-us%20utf8/os.lua
[04:16:42.313][info] [#0:script/workspace/loading.lua:100]: Preload file at: file:///home/astro/.local/share/zed/extensions/work/lua/lua-language-server-3.13.6/meta/Lua%205.4%20en-us%20utf8/package.lua , size = 2.944 KB
[04:16:42.314][info] [#0:script/workspace/loading.lua:112]: ++++As library of:	file:///home/astro/.local/share/zed/extensions/work/lua/lua-language-server-3.13.6/meta/Lua%205.4%20en-us%20utf8/package.lua
[04:16:42.314][info] [#0:script/workspace/loading.lua:88]: Skip loaded file: file:///home/astro/.local/share/zed/extensions/work/lua/lua-language-server-3.13.6/meta/Lua%205.4%20en-us%20utf8/package.lua
[04:16:42.314][info] [#0:script/workspace/loading.lua:112]: ++++As library of:	file:///home/astro/.local/share/zed/extensions/work/lua/lua-language-server-3.13.6/meta/Lua%205.4%20en-us%20utf8/package.lua
[04:16:42.315][info] [#0:script/workspace/loading.lua:100]: Preload file at: file:///home/astro/.local/share/zed/extensions/work/lua/lua-language-server-3.13.6/meta/Lua%205.4%20en-us%20utf8/debug.lua , size = 7.637 KB
[04:16:42.319][info] [#0:script/workspace/loading.lua:112]: ++++As library of:	file:///home/astro/.local/share/zed/extensions/work/lua/lua-language-server-3.13.6/meta/Lua%205.4%20en-us%20utf8/debug.lua
[04:16:42.319][info] [#0:script/workspace/loading.lua:88]: Skip loaded file: file:///home/astro/.local/share/zed/extensions/work/lua/lua-language-server-3.13.6/meta/Lua%205.4%20en-us%20utf8/debug.lua
[04:16:42.319][info] [#0:script/workspace/loading.lua:112]: ++++As library of:	file:///home/astro/.local/share/zed/extensions/work/lua/lua-language-server-3.13.6/meta/Lua%205.4%20en-us%20utf8/debug.lua
[04:16:42.319][info] [#0:script/workspace/loading.lua:100]: Preload file at: file:///home/astro/.local/share/zed/extensions/work/lua/lua-language-server-3.13.6/meta/Lua%205.4%20en-us%20utf8/table.lua , size = 4.445 KB
[04:16:42.321][info] [#0:script/workspace/loading.lua:112]: ++++As library of:	file:///home/astro/.local/share/zed/extensions/work/lua/lua-language-server-3.13.6/meta/Lua%205.4%20en-us%20utf8/table.lua
[04:16:42.321][info] [#0:script/workspace/loading.lua:88]: Skip loaded file: file:///home/astro/.local/share/zed/extensions/work/lua/lua-language-server-3.13.6/meta/Lua%205.4%20en-us%20utf8/table.lua
[04:16:42.321][info] [#0:script/workspace/loading.lua:112]: ++++As library of:	file:///home/astro/.local/share/zed/extensions/work/lua/lua-language-server-3.13.6/meta/Lua%205.4%20en-us%20utf8/table.lua
[04:16:42.321][info] [#0:script/workspace/loading.lua:100]: Preload file at: file:///home/astro/.local/share/zed/extensions/work/lua/lua-language-server-3.13.6/meta/Lua%205.4%20en-us%20utf8/builtin.lua , size = 0.302 KB
[04:16:42.322][info] [#0:script/workspace/loading.lua:112]: ++++As library of:	file:///home/astro/.local/share/zed/extensions/work/lua/lua-language-server-3.13.6/meta/Lua%205.4%20en-us%20utf8/builtin.lua
[04:16:42.322][info] [#0:script/workspace/loading.lua:88]: Skip loaded file: file:///home/astro/.local/share/zed/extensions/work/lua/lua-language-server-3.13.6/meta/Lua%205.4%20en-us%20utf8/builtin.lua
[04:16:42.322][info] [#0:script/workspace/loading.lua:112]: ++++As library of:	file:///home/astro/.local/share/zed/extensions/work/lua/lua-language-server-3.13.6/meta/Lua%205.4%20en-us%20utf8/builtin.lua
[04:16:42.322][info] [#0:script/workspace/loading.lua:172]: Loaded files takes [0.032] sec: file:///home/astro
[04:16:42.322][info] [#0:script/workspace/loading.lua:181]: Compile files takes [0.000] sec: file:///home/astro
[04:16:42.322][info] [#0:script/workspace/loading.lua:182]: Loaded finish:	file:///home/astro
[04:16:42.322][info] [#0:script/workspace/workspace.lua:381]: Preload finish at:	file:///home/astro
[04:16:42.324][info] [#0:script/workspace/loading.lua:172]: Loaded files takes [0.034] sec: <fallback>
[04:16:42.324][info] [#0:script/workspace/loading.lua:181]: Compile files takes [0.000] sec: <fallback>
[04:16:42.324][info] [#0:script/workspace/loading.lua:182]: Loaded finish:	<fallback>
[04:16:42.324][info] [#0:script/workspace/workspace.lua:381]: Preload finish at:	<fallback>
[04:16:43.327][info] [#0:script/provider/diagnostic.lua:560]: Diagnostics scope [file:///home/astro], files count:[12]
[04:16:43.452][info] [#0:script/provider/diagnostic.lua:577]: Diagnostics scope [file:///home/astro] finished, takes [0.041] sec.
[04:16:48.451][info] [#0:script/provider/diagnostic.lua:560]: Diagnostics scope [file:///home/astro], files count:[11]
[04:16:48.550][info] [#0:script/provider/diagnostic.lua:577]: Diagnostics scope [file:///home/astro] finished, takes [0.027] sec.
